[PARSEC] [========== PARSEC 3.0-beta-20130728 BUILD LOGFILE ==========]

[PARSEC] Build amd64-linux.gcc started on Wed Feb 4 20:43:04 EST 2015.
[PARSEC] Packages to build:  parsec.uptcpip

[PARSEC] [========== Building package parsec.uptcpip [] ==========]
[PARSEC] [---------- Analyzing package parsec.uptcpip ----------]
[PARSEC] parsec.uptcpip does not depend on any other packages.
[PARSEC] [---------- Building package parsec.uptcpip ----------]
[PARSEC] Copying source code of package parsec.uptcpip.
[PARSEC] Running 'env /usr/bin/make':
make[1]: Entering directory `/memex/ybao/ready_for_backup/parsec-3.0-working-dir/parsec-3.0-release/parsec-3.0-150205/parsec-3.0/pkgs/libs/uptcpip/obj/amd64-linux.gcc/freebsd.kern'
gcc -DX86_64 -D__LP64__ -rdynamic  -ffreestanding -O2  -g -Wall -D_FREEBSD_KERNEL -D_GNU_SOURCE -DSMP  -I../include/ -I../include/opt/ -I../host.support/ -I../lib/   -c -o kern_tc.o kern_tc.c
gcc -DX86_64 -D__LP64__ -rdynamic  -ffreestanding -O2  -g -Wall -D_FREEBSD_KERNEL -D_GNU_SOURCE -DSMP  -I../include/ -I../include/opt/ -I../host.support/ -I../lib/   -c -o kern_shutdown.o kern_shutdown.c
gcc -DX86_64 -D__LP64__ -rdynamic  -ffreestanding -O2  -g -Wall -D_FREEBSD_KERNEL -D_GNU_SOURCE -DSMP  -I../include/ -I../include/opt/ -I../host.support/ -I../lib/   -c -o subr_prf.o subr_prf.c
gcc -DX86_64 -D__LP64__ -rdynamic  -ffreestanding -O2  -g -Wall -D_FREEBSD_KERNEL -D_GNU_SOURCE -DSMP  -I../include/ -I../include/opt/ -I../host.support/ -I../lib/   -c -o subr_bufring.o subr_bufring.c
gcc -DX86_64 -D__LP64__ -rdynamic  -ffreestanding -O2  -g -Wall -D_FREEBSD_KERNEL -D_GNU_SOURCE -DSMP  -I../include/ -I../include/opt/ -I../host.support/ -I../lib/   -c -o kern_mbuf.o kern_mbuf.c
gcc -DX86_64 -D__LP64__ -rdynamic  -ffreestanding -O2  -g -Wall -D_FREEBSD_KERNEL -D_GNU_SOURCE -DSMP  -I../include/ -I../include/opt/ -I../host.support/ -I../lib/   -c -o uma_core.o uma_core.c
gcc -DX86_64 -D__LP64__ -rdynamic  -ffreestanding -O2  -g -Wall -D_FREEBSD_KERNEL -D_GNU_SOURCE -DSMP  -I../include/ -I../include/opt/ -I../host.support/ -I../lib/   -c -o kern_malloc.o kern_malloc.c
gcc -DX86_64 -D__LP64__ -rdynamic  -ffreestanding -O2  -g -Wall -D_FREEBSD_KERNEL -D_GNU_SOURCE -DSMP  -I../include/ -I../include/opt/ -I../host.support/ -I../lib/   -c -o kern_timeout.o kern_timeout.c
gcc -DX86_64 -D__LP64__ -rdynamic  -ffreestanding -O2  -g -Wall -D_FREEBSD_KERNEL -D_GNU_SOURCE -DSMP  -I../include/ -I../include/opt/ -I../host.support/ -I../lib/   -c -o kern_clock.o kern_clock.c
gcc -DX86_64 -D__LP64__ -rdynamic  -ffreestanding -O2  -g -Wall -D_FREEBSD_KERNEL -D_GNU_SOURCE -DSMP  -I../include/ -I../include/opt/ -I../host.support/ -I../lib/   -c -o kern_intr.o kern_intr.c
gcc -DX86_64 -D__LP64__ -rdynamic  -ffreestanding -O2  -g -Wall -D_FREEBSD_KERNEL -D_GNU_SOURCE -DSMP  -I../include/ -I../include/opt/ -I../host.support/ -I../lib/   -c -o kern_synch.o kern_synch.c
gcc -DX86_64 -D__LP64__ -rdynamic  -ffreestanding -O2  -g -Wall -D_FREEBSD_KERNEL -D_GNU_SOURCE -DSMP  -I../include/ -I../include/opt/ -I../host.support/ -I../lib/   -c -o kern_mutex.o kern_mutex.c
gcc -DX86_64 -D__LP64__ -rdynamic  -ffreestanding -O2  -g -Wall -D_FREEBSD_KERNEL -D_GNU_SOURCE -DSMP  -I../include/ -I../include/opt/ -I../host.support/ -I../lib/   -c -o kern_rwlock.o kern_rwlock.c
gcc -DX86_64 -D__LP64__ -rdynamic  -ffreestanding -O2  -g -Wall -D_FREEBSD_KERNEL -D_GNU_SOURCE -DSMP  -I../include/ -I../include/opt/ -I../host.support/ -I../lib/   -c -o kern_sx.o kern_sx.c
gcc -DX86_64 -D__LP64__ -rdynamic  -ffreestanding -O2  -g -Wall -D_FREEBSD_KERNEL -D_GNU_SOURCE -DSMP  -I../include/ -I../include/opt/ -I../host.support/ -I../lib/   -c -o uipc_syscalls.o uipc_syscalls.c
make[1]: Leaving directory `/memex/ybao/ready_for_backup/parsec-3.0-working-dir/parsec-3.0-release/parsec-3.0-150205/parsec-3.0/pkgs/libs/uptcpip/obj/amd64-linux.gcc/freebsd.kern'
make[1]: Entering directory `/memex/ybao/ready_for_backup/parsec-3.0-working-dir/parsec-3.0-release/parsec-3.0-150205/parsec-3.0/pkgs/libs/uptcpip/obj/amd64-linux.gcc/freebsd.netinet'
gcc -DX86_64 -D__LP64__ -rdynamic  -ffreestanding -O2  -g -Wall -D_FREEBSD_KERNEL -D_GNU_SOURCE -DSMP  -I../include/ -I../include/opt/ -I../host.support/ -I../lib/   -c -o if_ether.o if_ether.c
gcc -DX86_64 -D__LP64__ -rdynamic  -ffreestanding -O2  -g -Wall -D_FREEBSD_KERNEL -D_GNU_SOURCE -DSMP  -I../include/ -I../include/opt/ -I../host.support/ -I../lib/   -c -o igmp.o igmp.c
gcc -DX86_64 -D__LP64__ -rdynamic  -ffreestanding -O2  -g -Wall -D_FREEBSD_KERNEL -D_GNU_SOURCE -DSMP  -I../include/ -I../include/opt/ -I../host.support/ -I../lib/   -c -o in.o in.c
gcc -DX86_64 -D__LP64__ -rdynamic  -ffreestanding -O2  -g -Wall -D_FREEBSD_KERNEL -D_GNU_SOURCE -DSMP  -I../include/ -I../include/opt/ -I../host.support/ -I../lib/   -c -o in_gif.o in_gif.c
gcc -DX86_64 -D__LP64__ -rdynamic  -ffreestanding -O2  -g -Wall -D_FREEBSD_KERNEL -D_GNU_SOURCE -DSMP  -I../include/ -I../include/opt/ -I../host.support/ -I../lib/   -c -o ip_id.o ip_id.c
gcc -DX86_64 -D__LP64__ -rdynamic  -ffreestanding -O2  -g -Wall -D_FREEBSD_KERNEL -D_GNU_SOURCE -DSMP  -I../include/ -I../include/opt/ -I../host.support/ -I../lib/   -c -o in_mcast.o in_mcast.c
gcc -DX86_64 -D__LP64__ -rdynamic  -ffreestanding -O2  -g -Wall -D_FREEBSD_KERNEL -D_GNU_SOURCE -DSMP  -I../include/ -I../include/opt/ -I../host.support/ -I../lib/   -c -o in_pcb.o in_pcb.c
gcc -DX86_64 -D__LP64__ -rdynamic  -ffreestanding -O2  -g -Wall -D_FREEBSD_KERNEL -D_GNU_SOURCE -DSMP  -I../include/ -I../include/opt/ -I../host.support/ -I../lib/   -c -o in_proto.o in_proto.c
gcc -DX86_64 -D__LP64__ -rdynamic  -ffreestanding -O2  -g -Wall -D_FREEBSD_KERNEL -D_GNU_SOURCE -DSMP  -I../include/ -I../include/opt/ -I../host.support/ -I../lib/   -c -o in_rmx.o in_rmx.c
gcc -DX86_64 -D__LP64__ -rdynamic  -ffreestanding -O2  -g -Wall -D_FREEBSD_KERNEL -D_GNU_SOURCE -DSMP  -I../include/ -I../include/opt/ -I../host.support/ -I../lib/   -c -o ip_ecn.o ip_ecn.c
gcc -DX86_64 -D__LP64__ -rdynamic  -ffreestanding -O2  -g -Wall -D_FREEBSD_KERNEL -D_GNU_SOURCE -DSMP  -I../include/ -I../include/opt/ -I../host.support/ -I../lib/   -c -o ip_encap.o ip_encap.c
gcc -DX86_64 -D__LP64__ -rdynamic  -ffreestanding -O2  -g -Wall -D_FREEBSD_KERNEL -D_GNU_SOURCE -DSMP  -I../include/ -I../include/opt/ -I../host.support/ -I../lib/   -c -o ip_fastfwd.o ip_fastfwd.c
gcc -DX86_64 -D__LP64__ -rdynamic  -ffreestanding -O2  -g -Wall -D_FREEBSD_KERNEL -D_GNU_SOURCE -DSMP  -I../include/ -I../include/opt/ -I../host.support/ -I../lib/   -c -o ip_icmp.o ip_icmp.c
gcc -DX86_64 -D__LP64__ -rdynamic  -ffreestanding -O2  -g -Wall -D_FREEBSD_KERNEL -D_GNU_SOURCE -DSMP  -I../include/ -I../include/opt/ -I../host.support/ -I../lib/   -c -o ip_input.o ip_input.c
gcc -DX86_64 -D__LP64__ -rdynamic  -ffreestanding -O2  -g -Wall -D_FREEBSD_KERNEL -D_GNU_SOURCE -DSMP  -I../include/ -I../include/opt/ -I../host.support/ -I../lib/   -c -o ip_options.o ip_options.c
gcc -DX86_64 -D__LP64__ -rdynamic  -ffreestanding -O2  -g -Wall -D_FREEBSD_KERNEL -D_GNU_SOURCE -DSMP  -I../include/ -I../include/opt/ -I../host.support/ -I../lib/   -c -o ip_output.o ip_output.c
gcc -DX86_64 -D__LP64__ -rdynamic  -ffreestanding -O2  -g -Wall -D_FREEBSD_KERNEL -D_GNU_SOURCE -DSMP  -I../include/ -I../include/opt/ -I../host.support/ -I../lib/   -c -o raw_ip.o raw_ip.c
gcc -DX86_64 -D__LP64__ -rdynamic  -ffreestanding -O2  -g -Wall -D_FREEBSD_KERNEL -D_GNU_SOURCE -DSMP  -I../include/ -I../include/opt/ -I../host.support/ -I../lib/   -c -o tcp_hostcache.o tcp_hostcache.c
gcc -DX86_64 -D__LP64__ -rdynamic  -ffreestanding -O2  -g -Wall -D_FREEBSD_KERNEL -D_GNU_SOURCE -DSMP  -I../include/ -I../include/opt/ -I../host.support/ -I../lib/   -c -o tcp_input.o tcp_input.c
gcc -DX86_64 -D__LP64__ -rdynamic  -ffreestanding -O2  -g -Wall -D_FREEBSD_KERNEL -D_GNU_SOURCE -DSMP  -I../include/ -I../include/opt/ -I../host.support/ -I../lib/   -c -o tcp_lro.o tcp_lro.c
gcc -DX86_64 -D__LP64__ -rdynamic  -ffreestanding -O2  -g -Wall -D_FREEBSD_KERNEL -D_GNU_SOURCE -DSMP  -I../include/ -I../include/opt/ -I../host.support/ -I../lib/   -c -o tcp_output.o tcp_output.c
gcc -DX86_64 -D__LP64__ -rdynamic  -ffreestanding -O2  -g -Wall -D_FREEBSD_KERNEL -D_GNU_SOURCE -DSMP  -I../include/ -I../include/opt/ -I../host.support/ -I../lib/   -c -o tcp_offload.o tcp_offload.c
gcc -DX86_64 -D__LP64__ -rdynamic  -ffreestanding -O2  -g -Wall -D_FREEBSD_KERNEL -D_GNU_SOURCE -DSMP  -I../include/ -I../include/opt/ -I../host.support/ -I../lib/   -c -o tcp_reass.o tcp_reass.c
gcc -DX86_64 -D__LP64__ -rdynamic  -ffreestanding -O2  -g -Wall -D_FREEBSD_KERNEL -D_GNU_SOURCE -DSMP  -I../include/ -I../include/opt/ -I../host.support/ -I../lib/   -c -o tcp_sack.o tcp_sack.c
gcc -DX86_64 -D__LP64__ -rdynamic  -ffreestanding -O2  -g -Wall -D_FREEBSD_KERNEL -D_GNU_SOURCE -DSMP  -I../include/ -I../include/opt/ -I../host.support/ -I../lib/   -c -o tcp_subr.o tcp_subr.c
gcc -DX86_64 -D__LP64__ -rdynamic  -ffreestanding -O2  -g -Wall -D_FREEBSD_KERNEL -D_GNU_SOURCE -DSMP  -I../include/ -I../include/opt/ -I../host.support/ -I../lib/   -c -o tcp_syncache.o tcp_syncache.c
gcc -DX86_64 -D__LP64__ -rdynamic  -ffreestanding -O2  -g -Wall -D_FREEBSD_KERNEL -D_GNU_SOURCE -DSMP  -I../include/ -I../include/opt/ -I../host.support/ -I../lib/   -c -o tcp_timer.o tcp_timer.c
gcc -DX86_64 -D__LP64__ -rdynamic  -ffreestanding -O2  -g -Wall -D_FREEBSD_KERNEL -D_GNU_SOURCE -DSMP  -I../include/ -I../include/opt/ -I../host.support/ -I../lib/   -c -o tcp_timewait.o tcp_timewait.c
gcc -DX86_64 -D__LP64__ -rdynamic  -ffreestanding -O2  -g -Wall -D_FREEBSD_KERNEL -D_GNU_SOURCE -DSMP  -I../include/ -I../include/opt/ -I../host.support/ -I../lib/   -c -o tcp_usrreq.o tcp_usrreq.c
gcc -DX86_64 -D__LP64__ -rdynamic  -ffreestanding -O2  -g -Wall -D_FREEBSD_KERNEL -D_GNU_SOURCE -DSMP  -I../include/ -I../include/opt/ -I../host.support/ -I../lib/   -c -o udp_usrreq.o udp_usrreq.c
gcc -DX86_64 -D__LP64__ -rdynamic  -ffreestanding -O2  -g -Wall -D_FREEBSD_KERNEL -D_GNU_SOURCE -DSMP  -I../include/ -I../include/opt/ -I../host.support/ -I../lib/   -c -o arc4random.o arc4random.c
gcc -DX86_64 -D__LP64__ -rdynamic  -ffreestanding -O2  -g -Wall -D_FREEBSD_KERNEL -D_GNU_SOURCE -DSMP  -I../include/ -I../include/opt/ -I../host.support/ -I../lib/   -c -o divdi3.o divdi3.c
gcc -DX86_64 -D__LP64__ -rdynamic  -ffreestanding -O2  -g -Wall -D_FREEBSD_KERNEL -D_GNU_SOURCE -DSMP  -I../include/ -I../include/opt/ -I../host.support/ -I../lib/   -c -o udivdi3.o udivdi3.c
gcc -DX86_64 -D__LP64__ -rdynamic  -ffreestanding -O2  -g -Wall -D_FREEBSD_KERNEL -D_GNU_SOURCE -DSMP  -I../include/ -I../include/opt/ -I../host.support/ -I../lib/   -c -o harvest.o harvest.c
gcc -DX86_64 -D__LP64__ -rdynamic  -ffreestanding -O2  -g -Wall -D_FREEBSD_KERNEL -D_GNU_SOURCE -DSMP  -I../include/ -I../include/opt/ -I../host.support/ -I../lib/   -c -o if.o if.c
gcc -DX86_64 -D__LP64__ -rdynamic  -ffreestanding -O2  -g -Wall -D_FREEBSD_KERNEL -D_GNU_SOURCE -DSMP  -I../include/ -I../include/opt/ -I../host.support/ -I../lib/   -c -o if_gif.o if_gif.c
gcc -DX86_64 -D__LP64__ -rdynamic  -ffreestanding -O2  -g -Wall -D_FREEBSD_KERNEL -D_GNU_SOURCE -DSMP  -I../include/ -I../include/opt/ -I../host.support/ -I../lib/   -c -o if_loop.o if_loop.c
gcc -DX86_64 -D__LP64__ -rdynamic  -ffreestanding -O2  -g -Wall -D_FREEBSD_KERNEL -D_GNU_SOURCE -DSMP  -I../include/ -I../include/opt/ -I../host.support/ -I../lib/   -c -o if_llatbl.o if_llatbl.c
gcc -DX86_64 -D__LP64__ -rdynamic  -ffreestanding -O2  -g -Wall -D_FREEBSD_KERNEL -D_GNU_SOURCE -DSMP  -I../include/ -I../include/opt/ -I../host.support/ -I../lib/   -c -o in_cksum.o in_cksum.c
gcc -DX86_64 -D__LP64__ -rdynamic  -ffreestanding -O2  -g -Wall -D_FREEBSD_KERNEL -D_GNU_SOURCE -DSMP  -I../include/ -I../include/opt/ -I../host.support/ -I../lib/   -c -o inet_ntoa.o inet_ntoa.c
gcc -DX86_64 -D__LP64__ -rdynamic  -ffreestanding -O2  -g -Wall -D_FREEBSD_KERNEL -D_GNU_SOURCE -DSMP  -I../include/ -I../include/opt/ -I../host.support/ -I../lib/   -c -o md5c.o md5c.c
gcc -DX86_64 -D__LP64__ -rdynamic  -ffreestanding -O2  -g -Wall -D_FREEBSD_KERNEL -D_GNU_SOURCE -DSMP  -I../include/ -I../include/opt/ -I../host.support/ -I../lib/   -c -o netisr.o netisr.c
gcc -DX86_64 -D__LP64__ -rdynamic  -ffreestanding -O2  -g -Wall -D_FREEBSD_KERNEL -D_GNU_SOURCE -DSMP  -I../include/ -I../include/opt/ -I../host.support/ -I../lib/   -c -o radix.o radix.c
gcc -DX86_64 -D__LP64__ -rdynamic  -ffreestanding -O2  -g -Wall -D_FREEBSD_KERNEL -D_GNU_SOURCE -DSMP  -I../include/ -I../include/opt/ -I../host.support/ -I../lib/   -c -o route.o route.c
gcc -DX86_64 -D__LP64__ -rdynamic  -ffreestanding -O2  -g -Wall -D_FREEBSD_KERNEL -D_GNU_SOURCE -DSMP  -I../include/ -I../include/opt/ -I../host.support/ -I../lib/   -c -o uipc_domain.o uipc_domain.c
gcc -DX86_64 -D__LP64__ -rdynamic  -ffreestanding -O2  -g -Wall -D_FREEBSD_KERNEL -D_GNU_SOURCE -DSMP  -I../include/ -I../include/opt/ -I../host.support/ -I../lib/   -c -o uipc_mbuf2.o uipc_mbuf2.c
gcc -DX86_64 -D__LP64__ -rdynamic  -ffreestanding -O2  -g -Wall -D_FREEBSD_KERNEL -D_GNU_SOURCE -DSMP  -I../include/ -I../include/opt/ -I../host.support/ -I../lib/   -c -o uipc_mbuf.o uipc_mbuf.c
gcc -DX86_64 -D__LP64__ -rdynamic  -ffreestanding -O2  -g -Wall -D_FREEBSD_KERNEL -D_GNU_SOURCE -DSMP  -I../include/ -I../include/opt/ -I../host.support/ -I../lib/   -c -o uipc_sockbuf.o uipc_sockbuf.c
gcc -DX86_64 -D__LP64__ -rdynamic  -ffreestanding -O2  -g -Wall -D_FREEBSD_KERNEL -D_GNU_SOURCE -DSMP  -I../include/ -I../include/opt/ -I../host.support/ -I../lib/   -c -o uipc_socket.o uipc_socket.c
gcc -DX86_64 -D__LP64__ -rdynamic  -ffreestanding -O2  -g -Wall -D_FREEBSD_KERNEL -D_GNU_SOURCE -DSMP  -I../include/ -I../include/opt/ -I../host.support/ -I../lib/   -c -o strlcpy.o strlcpy.c
gcc -DX86_64 -D__LP64__ -rdynamic  -ffreestanding -O2  -g -Wall -D_FREEBSD_KERNEL -D_GNU_SOURCE -DSMP  -I../include/ -I../include/opt/ -I../host.support/ -I../lib/   -c -o qdivrem.o qdivrem.c
gcc -DX86_64 -D__LP64__ -rdynamic  -ffreestanding -O2  -g -Wall -D_FREEBSD_KERNEL -D_GNU_SOURCE -DSMP  -I../include/ -I../include/opt/ -I../host.support/ -I../lib/   -c -o subr_sbuf.o subr_sbuf.c
gcc -DX86_64 -D__LP64__ -rdynamic  -ffreestanding -O2  -g -Wall -D_FREEBSD_KERNEL -D_GNU_SOURCE -DSMP  -I../include/ -I../include/opt/ -I../host.support/ -I../lib/   -c -o kern_subr.o kern_subr.c
gcc -DX86_64 -D__LP64__ -rdynamic  -ffreestanding -O2  -g -Wall -D_FREEBSD_KERNEL -D_GNU_SOURCE -DSMP  -I../include/ -I../include/opt/ -I../host.support/ -I../lib/   -c -o support.o support.c
make[1]: Leaving directory `/memex/ybao/ready_for_backup/parsec-3.0-working-dir/parsec-3.0-release/parsec-3.0-150205/parsec-3.0/pkgs/libs/uptcpip/obj/amd64-linux.gcc/freebsd.netinet'
make[1]: Entering directory `/memex/ybao/ready_for_backup/parsec-3.0-working-dir/parsec-3.0-release/parsec-3.0-150205/parsec-3.0/pkgs/libs/uptcpip/obj/amd64-linux.gcc/host.support'
gcc -DX86_64 -D__LP64__ -rdynamic  -ffreestanding -O2  -g -Wall -D_FREEBSD_KERNEL -D_GNU_SOURCE -DSMP  -I../include/ -I../include/opt/ -I../host.support/ -I../lib/ -c -o host_serv.o host_serv.c
gcc -DX86_64 -D__LP64__ -rdynamic  -ffreestanding -O2  -g -Wall -D_FREEBSD_KERNEL -D_GNU_SOURCE -DSMP  -I../include/ -I../include/opt/ -I../host.support/ -I../lib/ -DUPTCP_CLIENT -c -o host_serv.o.client host_serv.c
gcc -DX86_64 -D__LP64__ -rdynamic  -ffreestanding -O2  -g -Wall -D_FREEBSD_KERNEL -D_GNU_SOURCE -DSMP  -I../include/ -I../include/opt/ -I../host.support/ -I../lib/ -c -o if_host.o if_host.c
gcc -DX86_64 -D__LP64__ -rdynamic  -ffreestanding -O2  -g -Wall -D_FREEBSD_KERNEL -D_GNU_SOURCE -DSMP  -I../include/ -I../include/opt/ -I../host.support/ -I../lib/ -DUPTCP_CLIENT -c -o if_host.o.client if_host.c
gcc -DX86_64 -D__LP64__ -rdynamic  -ffreestanding -O2  -g -Wall -D_FREEBSD_KERNEL -D_GNU_SOURCE -DSMP  -I../include/ -I../include/opt/ -I../host.support/ -I../lib/ -DFOR_SIMULATION -c -o if_host.o.sim if_host.c
gcc -DX86_64 -D__LP64__ -rdynamic  -ffreestanding -O2  -g -Wall -D_FREEBSD_KERNEL -D_GNU_SOURCE -DSMP  -I../include/ -I../include/opt/ -I../host.support/ -I../lib/ -DFOR_SIMULATION -DUPTCP_CLIENT -c -o if_host.o.client.sim if_host.c
gcc -DX86_64 -D__LP64__ -rdynamic  -ffreestanding -O2  -g -Wall -D_FREEBSD_KERNEL -D_GNU_SOURCE -DSMP  -I../include/ -I../include/opt/ -I../host.support/ -I../lib/ -c -o uptcp_statis.o uptcp_statis.c 
gcc -DX86_64 -D__LP64__ -rdynamic  -ffreestanding -O2  -g -Wall -D_FREEBSD_KERNEL -D_GNU_SOURCE -DSMP  -I../include/ -I../include/opt/ -I../host.support/ -I../lib/ -DUPTCP_CLIENT -c -o uptcp_statis.o.client uptcp_statis.c 
make[1]: Leaving directory `/memex/ybao/ready_for_backup/parsec-3.0-working-dir/parsec-3.0-release/parsec-3.0-150205/parsec-3.0/pkgs/libs/uptcpip/obj/amd64-linux.gcc/host.support'
make[1]: Entering directory `/memex/ybao/ready_for_backup/parsec-3.0-working-dir/parsec-3.0-release/parsec-3.0-150205/parsec-3.0/pkgs/libs/uptcpip/obj/amd64-linux.gcc/lib'
gcc -std=c99 -fPIC -ffreestanding -O2  -g -D_XOPEN_SOURCE -Wall -I../host.support/  -c -o uptcp_api.o uptcp_api.c 
gcc -std=c99 -fPIC -ffreestanding -O2  -g -D_XOPEN_SOURCE -Wall -I../host.support/ -DUPTCP_CLIENT -c -o uptcp_api.o.client uptcp_api.c
ar rcs libuptcp.a ../freebsd.kern/*.o ../freebsd.netinet/*.o *.o ../host.support/uptcp_statis.o         ../host.support/host_serv.o         ../host.support/if_host.o 
ar rcs libuptcp.client.a ../freebsd.kern/*.o ../freebsd.netinet/*.o *.o.client ../host.support/uptcp_statis.o.client  ../host.support/host_serv.o.client  ../host.support/if_host.o.client
ar rcs libuptcp.sim.a ../freebsd.kern/*.o ../freebsd.netinet/*.o  *.o ../host.support/uptcp_statis.o         ../host.support/host_serv.o         ../host.support/if_host.o.sim
ar rcs libuptcp.client.sim.a ../freebsd.kern/*.o ../freebsd.netinet/*.o *.o.client ../host.support/uptcp_statis.o.client  ../host.support/host_serv.o.client  ../host.support/if_host.o.client.sim
make[1]: Leaving directory `/memex/ybao/ready_for_backup/parsec-3.0-working-dir/parsec-3.0-release/parsec-3.0-150205/parsec-3.0/pkgs/libs/uptcpip/obj/amd64-linux.gcc/lib'
[PARSEC] Running 'env /usr/bin/make install':
/usr/bin/make -C lib install;
make[1]: Entering directory `/memex/ybao/ready_for_backup/parsec-3.0-working-dir/parsec-3.0-release/parsec-3.0-150205/parsec-3.0/pkgs/libs/uptcpip/obj/amd64-linux.gcc/lib'
mkdir -p /memex/ybao/ready_for_backup/parsec-3.0-working-dir/parsec-3.0-release/parsec-3.0-150205/parsec-3.0/pkgs/libs/uptcpip/inst/amd64-linux.gcc/lib
cp *.a /memex/ybao/ready_for_backup/parsec-3.0-working-dir/parsec-3.0-release/parsec-3.0-150205/parsec-3.0/pkgs/libs/uptcpip/inst/amd64-linux.gcc/lib
mkdir -p /memex/ybao/ready_for_backup/parsec-3.0-working-dir/parsec-3.0-release/parsec-3.0-150205/parsec-3.0/pkgs/libs/uptcpip/inst/amd64-linux.gcc/include
cp *.h /memex/ybao/ready_for_backup/parsec-3.0-working-dir/parsec-3.0-release/parsec-3.0-150205/parsec-3.0/pkgs/libs/uptcpip/inst/amd64-linux.gcc/include
make[1]: Leaving directory `/memex/ybao/ready_for_backup/parsec-3.0-working-dir/parsec-3.0-release/parsec-3.0-150205/parsec-3.0/pkgs/libs/uptcpip/obj/amd64-linux.gcc/lib'
[PARSEC] Done.
