[PARSEC] [========== PARSEC 3.0-beta-20130728 BUILD LOGFILE ==========]

[PARSEC] Build amd64-linux.gcc started on Thu Feb 5 20:21:04 EST 2015.
[PARSEC] Packages to build:  parsec.netdedup parsec.netferret parsec.netstreamcluster parsec.uptcpip

[PARSEC] [========== Building package parsec.netdedup [1] ==========]
[PARSEC] [---------- Analyzing package parsec.netdedup ----------]
[PARSEC] parsec.netdedup depends on: uptcpip ssl zlib
[PARSEC] [---------- Analyzing package parsec.uptcpip ----------]
[PARSEC] parsec.uptcpip does not depend on any other packages.
[PARSEC] [---------- Building package parsec.uptcpip ----------]
[PARSEC] Removing old build directory.
[PARSEC] Copying source code of package parsec.uptcpip.
[PARSEC] Running 'env /usr/bin/make':
make[1]: Entering directory `/memex/ybao/ready_for_backup/parsec-3.0-working-dir/parsec-3.0-release/parsec-3.0-150205/parsec-3.0/pkgs/libs/uptcpip/obj/amd64-linux.gcc/freebsd.kern'
gcc -DX86_64 -D__LP64__ -rdynamic  -ffreestanding -O2  -g -Wall -D_FREEBSD_KERNEL -D_GNU_SOURCE -DSMP  -I../include/ -I../include/opt/ -I../host.support/ -I../lib/   -c -o kern_tc.o kern_tc.c
gcc -DX86_64 -D__LP64__ -rdynamic  -ffreestanding -O2  -g -Wall -D_FREEBSD_KERNEL -D_GNU_SOURCE -DSMP  -I../include/ -I../include/opt/ -I../host.support/ -I../lib/   -c -o kern_shutdown.o kern_shutdown.c
gcc -DX86_64 -D__LP64__ -rdynamic  -ffreestanding -O2  -g -Wall -D_FREEBSD_KERNEL -D_GNU_SOURCE -DSMP  -I../include/ -I../include/opt/ -I../host.support/ -I../lib/   -c -o subr_prf.o subr_prf.c
gcc -DX86_64 -D__LP64__ -rdynamic  -ffreestanding -O2  -g -Wall -D_FREEBSD_KERNEL -D_GNU_SOURCE -DSMP  -I../include/ -I../include/opt/ -I../host.support/ -I../lib/   -c -o subr_bufring.o subr_bufring.c
gcc -DX86_64 -D__LP64__ -rdynamic  -ffreestanding -O2  -g -Wall -D_FREEBSD_KERNEL -D_GNU_SOURCE -DSMP  -I../include/ -I../include/opt/ -I../host.support/ -I../lib/   -c -o kern_mbuf.o kern_mbuf.c
gcc -DX86_64 -D__LP64__ -rdynamic  -ffreestanding -O2  -g -Wall -D_FREEBSD_KERNEL -D_GNU_SOURCE -DSMP  -I../include/ -I../include/opt/ -I../host.support/ -I../lib/   -c -o uma_core.o uma_core.c
gcc -DX86_64 -D__LP64__ -rdynamic  -ffreestanding -O2  -g -Wall -D_FREEBSD_KERNEL -D_GNU_SOURCE -DSMP  -I../include/ -I../include/opt/ -I../host.support/ -I../lib/   -c -o kern_malloc.o kern_malloc.c
gcc -DX86_64 -D__LP64__ -rdynamic  -ffreestanding -O2  -g -Wall -D_FREEBSD_KERNEL -D_GNU_SOURCE -DSMP  -I../include/ -I../include/opt/ -I../host.support/ -I../lib/   -c -o kern_timeout.o kern_timeout.c
gcc -DX86_64 -D__LP64__ -rdynamic  -ffreestanding -O2  -g -Wall -D_FREEBSD_KERNEL -D_GNU_SOURCE -DSMP  -I../include/ -I../include/opt/ -I../host.support/ -I../lib/   -c -o kern_clock.o kern_clock.c
gcc -DX86_64 -D__LP64__ -rdynamic  -ffreestanding -O2  -g -Wall -D_FREEBSD_KERNEL -D_GNU_SOURCE -DSMP  -I../include/ -I../include/opt/ -I../host.support/ -I../lib/   -c -o kern_intr.o kern_intr.c
gcc -DX86_64 -D__LP64__ -rdynamic  -ffreestanding -O2  -g -Wall -D_FREEBSD_KERNEL -D_GNU_SOURCE -DSMP  -I../include/ -I../include/opt/ -I../host.support/ -I../lib/   -c -o kern_synch.o kern_synch.c
gcc -DX86_64 -D__LP64__ -rdynamic  -ffreestanding -O2  -g -Wall -D_FREEBSD_KERNEL -D_GNU_SOURCE -DSMP  -I../include/ -I../include/opt/ -I../host.support/ -I../lib/   -c -o kern_mutex.o kern_mutex.c
gcc -DX86_64 -D__LP64__ -rdynamic  -ffreestanding -O2  -g -Wall -D_FREEBSD_KERNEL -D_GNU_SOURCE -DSMP  -I../include/ -I../include/opt/ -I../host.support/ -I../lib/   -c -o kern_rwlock.o kern_rwlock.c
gcc -DX86_64 -D__LP64__ -rdynamic  -ffreestanding -O2  -g -Wall -D_FREEBSD_KERNEL -D_GNU_SOURCE -DSMP  -I../include/ -I../include/opt/ -I../host.support/ -I../lib/   -c -o kern_sx.o kern_sx.c
gcc -DX86_64 -D__LP64__ -rdynamic  -ffreestanding -O2  -g -Wall -D_FREEBSD_KERNEL -D_GNU_SOURCE -DSMP  -I../include/ -I../include/opt/ -I../host.support/ -I../lib/   -c -o uipc_syscalls.o uipc_syscalls.c
make[1]: Leaving directory `/memex/ybao/ready_for_backup/parsec-3.0-working-dir/parsec-3.0-release/parsec-3.0-150205/parsec-3.0/pkgs/libs/uptcpip/obj/amd64-linux.gcc/freebsd.kern'
make[1]: Entering directory `/memex/ybao/ready_for_backup/parsec-3.0-working-dir/parsec-3.0-release/parsec-3.0-150205/parsec-3.0/pkgs/libs/uptcpip/obj/amd64-linux.gcc/freebsd.netinet'
gcc -DX86_64 -D__LP64__ -rdynamic  -ffreestanding -O2  -g -Wall -D_FREEBSD_KERNEL -D_GNU_SOURCE -DSMP  -I../include/ -I../include/opt/ -I../host.support/ -I../lib/   -c -o if_ether.o if_ether.c
gcc -DX86_64 -D__LP64__ -rdynamic  -ffreestanding -O2  -g -Wall -D_FREEBSD_KERNEL -D_GNU_SOURCE -DSMP  -I../include/ -I../include/opt/ -I../host.support/ -I../lib/   -c -o igmp.o igmp.c
gcc -DX86_64 -D__LP64__ -rdynamic  -ffreestanding -O2  -g -Wall -D_FREEBSD_KERNEL -D_GNU_SOURCE -DSMP  -I../include/ -I../include/opt/ -I../host.support/ -I../lib/   -c -o in.o in.c
gcc -DX86_64 -D__LP64__ -rdynamic  -ffreestanding -O2  -g -Wall -D_FREEBSD_KERNEL -D_GNU_SOURCE -DSMP  -I../include/ -I../include/opt/ -I../host.support/ -I../lib/   -c -o in_gif.o in_gif.c
gcc -DX86_64 -D__LP64__ -rdynamic  -ffreestanding -O2  -g -Wall -D_FREEBSD_KERNEL -D_GNU_SOURCE -DSMP  -I../include/ -I../include/opt/ -I../host.support/ -I../lib/   -c -o ip_id.o ip_id.c
gcc -DX86_64 -D__LP64__ -rdynamic  -ffreestanding -O2  -g -Wall -D_FREEBSD_KERNEL -D_GNU_SOURCE -DSMP  -I../include/ -I../include/opt/ -I../host.support/ -I../lib/   -c -o in_mcast.o in_mcast.c
gcc -DX86_64 -D__LP64__ -rdynamic  -ffreestanding -O2  -g -Wall -D_FREEBSD_KERNEL -D_GNU_SOURCE -DSMP  -I../include/ -I../include/opt/ -I../host.support/ -I../lib/   -c -o in_pcb.o in_pcb.c
gcc -DX86_64 -D__LP64__ -rdynamic  -ffreestanding -O2  -g -Wall -D_FREEBSD_KERNEL -D_GNU_SOURCE -DSMP  -I../include/ -I../include/opt/ -I../host.support/ -I../lib/   -c -o in_proto.o in_proto.c
gcc -DX86_64 -D__LP64__ -rdynamic  -ffreestanding -O2  -g -Wall -D_FREEBSD_KERNEL -D_GNU_SOURCE -DSMP  -I../include/ -I../include/opt/ -I../host.support/ -I../lib/   -c -o in_rmx.o in_rmx.c
gcc -DX86_64 -D__LP64__ -rdynamic  -ffreestanding -O2  -g -Wall -D_FREEBSD_KERNEL -D_GNU_SOURCE -DSMP  -I../include/ -I../include/opt/ -I../host.support/ -I../lib/   -c -o ip_ecn.o ip_ecn.c
gcc -DX86_64 -D__LP64__ -rdynamic  -ffreestanding -O2  -g -Wall -D_FREEBSD_KERNEL -D_GNU_SOURCE -DSMP  -I../include/ -I../include/opt/ -I../host.support/ -I../lib/   -c -o ip_encap.o ip_encap.c
gcc -DX86_64 -D__LP64__ -rdynamic  -ffreestanding -O2  -g -Wall -D_FREEBSD_KERNEL -D_GNU_SOURCE -DSMP  -I../include/ -I../include/opt/ -I../host.support/ -I../lib/   -c -o ip_fastfwd.o ip_fastfwd.c
gcc -DX86_64 -D__LP64__ -rdynamic  -ffreestanding -O2  -g -Wall -D_FREEBSD_KERNEL -D_GNU_SOURCE -DSMP  -I../include/ -I../include/opt/ -I../host.support/ -I../lib/   -c -o ip_icmp.o ip_icmp.c
gcc -DX86_64 -D__LP64__ -rdynamic  -ffreestanding -O2  -g -Wall -D_FREEBSD_KERNEL -D_GNU_SOURCE -DSMP  -I../include/ -I../include/opt/ -I../host.support/ -I../lib/   -c -o ip_input.o ip_input.c
gcc -DX86_64 -D__LP64__ -rdynamic  -ffreestanding -O2  -g -Wall -D_FREEBSD_KERNEL -D_GNU_SOURCE -DSMP  -I../include/ -I../include/opt/ -I../host.support/ -I../lib/   -c -o ip_options.o ip_options.c
gcc -DX86_64 -D__LP64__ -rdynamic  -ffreestanding -O2  -g -Wall -D_FREEBSD_KERNEL -D_GNU_SOURCE -DSMP  -I../include/ -I../include/opt/ -I../host.support/ -I../lib/   -c -o ip_output.o ip_output.c
gcc -DX86_64 -D__LP64__ -rdynamic  -ffreestanding -O2  -g -Wall -D_FREEBSD_KERNEL -D_GNU_SOURCE -DSMP  -I../include/ -I../include/opt/ -I../host.support/ -I../lib/   -c -o raw_ip.o raw_ip.c
gcc -DX86_64 -D__LP64__ -rdynamic  -ffreestanding -O2  -g -Wall -D_FREEBSD_KERNEL -D_GNU_SOURCE -DSMP  -I../include/ -I../include/opt/ -I../host.support/ -I../lib/   -c -o tcp_hostcache.o tcp_hostcache.c
gcc -DX86_64 -D__LP64__ -rdynamic  -ffreestanding -O2  -g -Wall -D_FREEBSD_KERNEL -D_GNU_SOURCE -DSMP  -I../include/ -I../include/opt/ -I../host.support/ -I../lib/   -c -o tcp_input.o tcp_input.c
gcc -DX86_64 -D__LP64__ -rdynamic  -ffreestanding -O2  -g -Wall -D_FREEBSD_KERNEL -D_GNU_SOURCE -DSMP  -I../include/ -I../include/opt/ -I../host.support/ -I../lib/   -c -o tcp_lro.o tcp_lro.c
gcc -DX86_64 -D__LP64__ -rdynamic  -ffreestanding -O2  -g -Wall -D_FREEBSD_KERNEL -D_GNU_SOURCE -DSMP  -I../include/ -I../include/opt/ -I../host.support/ -I../lib/   -c -o tcp_output.o tcp_output.c
gcc -DX86_64 -D__LP64__ -rdynamic  -ffreestanding -O2  -g -Wall -D_FREEBSD_KERNEL -D_GNU_SOURCE -DSMP  -I../include/ -I../include/opt/ -I../host.support/ -I../lib/   -c -o tcp_offload.o tcp_offload.c
gcc -DX86_64 -D__LP64__ -rdynamic  -ffreestanding -O2  -g -Wall -D_FREEBSD_KERNEL -D_GNU_SOURCE -DSMP  -I../include/ -I../include/opt/ -I../host.support/ -I../lib/   -c -o tcp_reass.o tcp_reass.c
gcc -DX86_64 -D__LP64__ -rdynamic  -ffreestanding -O2  -g -Wall -D_FREEBSD_KERNEL -D_GNU_SOURCE -DSMP  -I../include/ -I../include/opt/ -I../host.support/ -I../lib/   -c -o tcp_sack.o tcp_sack.c
gcc -DX86_64 -D__LP64__ -rdynamic  -ffreestanding -O2  -g -Wall -D_FREEBSD_KERNEL -D_GNU_SOURCE -DSMP  -I../include/ -I../include/opt/ -I../host.support/ -I../lib/   -c -o tcp_subr.o tcp_subr.c
gcc -DX86_64 -D__LP64__ -rdynamic  -ffreestanding -O2  -g -Wall -D_FREEBSD_KERNEL -D_GNU_SOURCE -DSMP  -I../include/ -I../include/opt/ -I../host.support/ -I../lib/   -c -o tcp_syncache.o tcp_syncache.c
gcc -DX86_64 -D__LP64__ -rdynamic  -ffreestanding -O2  -g -Wall -D_FREEBSD_KERNEL -D_GNU_SOURCE -DSMP  -I../include/ -I../include/opt/ -I../host.support/ -I../lib/   -c -o tcp_timer.o tcp_timer.c
gcc -DX86_64 -D__LP64__ -rdynamic  -ffreestanding -O2  -g -Wall -D_FREEBSD_KERNEL -D_GNU_SOURCE -DSMP  -I../include/ -I../include/opt/ -I../host.support/ -I../lib/   -c -o tcp_timewait.o tcp_timewait.c
gcc -DX86_64 -D__LP64__ -rdynamic  -ffreestanding -O2  -g -Wall -D_FREEBSD_KERNEL -D_GNU_SOURCE -DSMP  -I../include/ -I../include/opt/ -I../host.support/ -I../lib/   -c -o tcp_usrreq.o tcp_usrreq.c
gcc -DX86_64 -D__LP64__ -rdynamic  -ffreestanding -O2  -g -Wall -D_FREEBSD_KERNEL -D_GNU_SOURCE -DSMP  -I../include/ -I../include/opt/ -I../host.support/ -I../lib/   -c -o udp_usrreq.o udp_usrreq.c
gcc -DX86_64 -D__LP64__ -rdynamic  -ffreestanding -O2  -g -Wall -D_FREEBSD_KERNEL -D_GNU_SOURCE -DSMP  -I../include/ -I../include/opt/ -I../host.support/ -I../lib/   -c -o arc4random.o arc4random.c
gcc -DX86_64 -D__LP64__ -rdynamic  -ffreestanding -O2  -g -Wall -D_FREEBSD_KERNEL -D_GNU_SOURCE -DSMP  -I../include/ -I../include/opt/ -I../host.support/ -I../lib/   -c -o divdi3.o divdi3.c
gcc -DX86_64 -D__LP64__ -rdynamic  -ffreestanding -O2  -g -Wall -D_FREEBSD_KERNEL -D_GNU_SOURCE -DSMP  -I../include/ -I../include/opt/ -I../host.support/ -I../lib/   -c -o udivdi3.o udivdi3.c
gcc -DX86_64 -D__LP64__ -rdynamic  -ffreestanding -O2  -g -Wall -D_FREEBSD_KERNEL -D_GNU_SOURCE -DSMP  -I../include/ -I../include/opt/ -I../host.support/ -I../lib/   -c -o harvest.o harvest.c
gcc -DX86_64 -D__LP64__ -rdynamic  -ffreestanding -O2  -g -Wall -D_FREEBSD_KERNEL -D_GNU_SOURCE -DSMP  -I../include/ -I../include/opt/ -I../host.support/ -I../lib/   -c -o if.o if.c
gcc -DX86_64 -D__LP64__ -rdynamic  -ffreestanding -O2  -g -Wall -D_FREEBSD_KERNEL -D_GNU_SOURCE -DSMP  -I../include/ -I../include/opt/ -I../host.support/ -I../lib/   -c -o if_gif.o if_gif.c
gcc -DX86_64 -D__LP64__ -rdynamic  -ffreestanding -O2  -g -Wall -D_FREEBSD_KERNEL -D_GNU_SOURCE -DSMP  -I../include/ -I../include/opt/ -I../host.support/ -I../lib/   -c -o if_loop.o if_loop.c
gcc -DX86_64 -D__LP64__ -rdynamic  -ffreestanding -O2  -g -Wall -D_FREEBSD_KERNEL -D_GNU_SOURCE -DSMP  -I../include/ -I../include/opt/ -I../host.support/ -I../lib/   -c -o if_llatbl.o if_llatbl.c
gcc -DX86_64 -D__LP64__ -rdynamic  -ffreestanding -O2  -g -Wall -D_FREEBSD_KERNEL -D_GNU_SOURCE -DSMP  -I../include/ -I../include/opt/ -I../host.support/ -I../lib/   -c -o in_cksum.o in_cksum.c
gcc -DX86_64 -D__LP64__ -rdynamic  -ffreestanding -O2  -g -Wall -D_FREEBSD_KERNEL -D_GNU_SOURCE -DSMP  -I../include/ -I../include/opt/ -I../host.support/ -I../lib/   -c -o inet_ntoa.o inet_ntoa.c
gcc -DX86_64 -D__LP64__ -rdynamic  -ffreestanding -O2  -g -Wall -D_FREEBSD_KERNEL -D_GNU_SOURCE -DSMP  -I../include/ -I../include/opt/ -I../host.support/ -I../lib/   -c -o md5c.o md5c.c
gcc -DX86_64 -D__LP64__ -rdynamic  -ffreestanding -O2  -g -Wall -D_FREEBSD_KERNEL -D_GNU_SOURCE -DSMP  -I../include/ -I../include/opt/ -I../host.support/ -I../lib/   -c -o netisr.o netisr.c
gcc -DX86_64 -D__LP64__ -rdynamic  -ffreestanding -O2  -g -Wall -D_FREEBSD_KERNEL -D_GNU_SOURCE -DSMP  -I../include/ -I../include/opt/ -I../host.support/ -I../lib/   -c -o radix.o radix.c
gcc -DX86_64 -D__LP64__ -rdynamic  -ffreestanding -O2  -g -Wall -D_FREEBSD_KERNEL -D_GNU_SOURCE -DSMP  -I../include/ -I../include/opt/ -I../host.support/ -I../lib/   -c -o route.o route.c
gcc -DX86_64 -D__LP64__ -rdynamic  -ffreestanding -O2  -g -Wall -D_FREEBSD_KERNEL -D_GNU_SOURCE -DSMP  -I../include/ -I../include/opt/ -I../host.support/ -I../lib/   -c -o uipc_domain.o uipc_domain.c
gcc -DX86_64 -D__LP64__ -rdynamic  -ffreestanding -O2  -g -Wall -D_FREEBSD_KERNEL -D_GNU_SOURCE -DSMP  -I../include/ -I../include/opt/ -I../host.support/ -I../lib/   -c -o uipc_mbuf2.o uipc_mbuf2.c
gcc -DX86_64 -D__LP64__ -rdynamic  -ffreestanding -O2  -g -Wall -D_FREEBSD_KERNEL -D_GNU_SOURCE -DSMP  -I../include/ -I../include/opt/ -I../host.support/ -I../lib/   -c -o uipc_mbuf.o uipc_mbuf.c
gcc -DX86_64 -D__LP64__ -rdynamic  -ffreestanding -O2  -g -Wall -D_FREEBSD_KERNEL -D_GNU_SOURCE -DSMP  -I../include/ -I../include/opt/ -I../host.support/ -I../lib/   -c -o uipc_sockbuf.o uipc_sockbuf.c
gcc -DX86_64 -D__LP64__ -rdynamic  -ffreestanding -O2  -g -Wall -D_FREEBSD_KERNEL -D_GNU_SOURCE -DSMP  -I../include/ -I../include/opt/ -I../host.support/ -I../lib/   -c -o uipc_socket.o uipc_socket.c
gcc -DX86_64 -D__LP64__ -rdynamic  -ffreestanding -O2  -g -Wall -D_FREEBSD_KERNEL -D_GNU_SOURCE -DSMP  -I../include/ -I../include/opt/ -I../host.support/ -I../lib/   -c -o strlcpy.o strlcpy.c
gcc -DX86_64 -D__LP64__ -rdynamic  -ffreestanding -O2  -g -Wall -D_FREEBSD_KERNEL -D_GNU_SOURCE -DSMP  -I../include/ -I../include/opt/ -I../host.support/ -I../lib/   -c -o qdivrem.o qdivrem.c
gcc -DX86_64 -D__LP64__ -rdynamic  -ffreestanding -O2  -g -Wall -D_FREEBSD_KERNEL -D_GNU_SOURCE -DSMP  -I../include/ -I../include/opt/ -I../host.support/ -I../lib/   -c -o subr_sbuf.o subr_sbuf.c
gcc -DX86_64 -D__LP64__ -rdynamic  -ffreestanding -O2  -g -Wall -D_FREEBSD_KERNEL -D_GNU_SOURCE -DSMP  -I../include/ -I../include/opt/ -I../host.support/ -I../lib/   -c -o kern_subr.o kern_subr.c
gcc -DX86_64 -D__LP64__ -rdynamic  -ffreestanding -O2  -g -Wall -D_FREEBSD_KERNEL -D_GNU_SOURCE -DSMP  -I../include/ -I../include/opt/ -I../host.support/ -I../lib/   -c -o support.o support.c
make[1]: Leaving directory `/memex/ybao/ready_for_backup/parsec-3.0-working-dir/parsec-3.0-release/parsec-3.0-150205/parsec-3.0/pkgs/libs/uptcpip/obj/amd64-linux.gcc/freebsd.netinet'
make[1]: Entering directory `/memex/ybao/ready_for_backup/parsec-3.0-working-dir/parsec-3.0-release/parsec-3.0-150205/parsec-3.0/pkgs/libs/uptcpip/obj/amd64-linux.gcc/host.support'
gcc -DX86_64 -D__LP64__ -rdynamic  -ffreestanding -O2  -g -Wall -D_FREEBSD_KERNEL -D_GNU_SOURCE -DSMP  -I../include/ -I../include/opt/ -I../host.support/ -I../lib/ -c -o host_serv.o host_serv.c
gcc -DX86_64 -D__LP64__ -rdynamic  -ffreestanding -O2  -g -Wall -D_FREEBSD_KERNEL -D_GNU_SOURCE -DSMP  -I../include/ -I../include/opt/ -I../host.support/ -I../lib/ -DUPTCP_CLIENT -c -o host_serv.o.client host_serv.c
gcc -DX86_64 -D__LP64__ -rdynamic  -ffreestanding -O2  -g -Wall -D_FREEBSD_KERNEL -D_GNU_SOURCE -DSMP  -I../include/ -I../include/opt/ -I../host.support/ -I../lib/ -c -o if_host.o if_host.c
gcc -DX86_64 -D__LP64__ -rdynamic  -ffreestanding -O2  -g -Wall -D_FREEBSD_KERNEL -D_GNU_SOURCE -DSMP  -I../include/ -I../include/opt/ -I../host.support/ -I../lib/ -DUPTCP_CLIENT -c -o if_host.o.client if_host.c
gcc -DX86_64 -D__LP64__ -rdynamic  -ffreestanding -O2  -g -Wall -D_FREEBSD_KERNEL -D_GNU_SOURCE -DSMP  -I../include/ -I../include/opt/ -I../host.support/ -I../lib/ -DFOR_SIMULATION -c -o if_host.o.sim if_host.c
gcc -DX86_64 -D__LP64__ -rdynamic  -ffreestanding -O2  -g -Wall -D_FREEBSD_KERNEL -D_GNU_SOURCE -DSMP  -I../include/ -I../include/opt/ -I../host.support/ -I../lib/ -DFOR_SIMULATION -DUPTCP_CLIENT -c -o if_host.o.client.sim if_host.c
gcc -DX86_64 -D__LP64__ -rdynamic  -ffreestanding -O2  -g -Wall -D_FREEBSD_KERNEL -D_GNU_SOURCE -DSMP  -I../include/ -I../include/opt/ -I../host.support/ -I../lib/ -c -o uptcp_statis.o uptcp_statis.c 
gcc -DX86_64 -D__LP64__ -rdynamic  -ffreestanding -O2  -g -Wall -D_FREEBSD_KERNEL -D_GNU_SOURCE -DSMP  -I../include/ -I../include/opt/ -I../host.support/ -I../lib/ -DUPTCP_CLIENT -c -o uptcp_statis.o.client uptcp_statis.c 
make[1]: Leaving directory `/memex/ybao/ready_for_backup/parsec-3.0-working-dir/parsec-3.0-release/parsec-3.0-150205/parsec-3.0/pkgs/libs/uptcpip/obj/amd64-linux.gcc/host.support'
make[1]: Entering directory `/memex/ybao/ready_for_backup/parsec-3.0-working-dir/parsec-3.0-release/parsec-3.0-150205/parsec-3.0/pkgs/libs/uptcpip/obj/amd64-linux.gcc/lib'
gcc -std=c99 -fPIC -ffreestanding -O2  -g -D_XOPEN_SOURCE -Wall -I../host.support/  -c -o uptcp_api.o uptcp_api.c 
gcc -std=c99 -fPIC -ffreestanding -O2  -g -D_XOPEN_SOURCE -Wall -I../host.support/ -DUPTCP_CLIENT -c -o uptcp_api.o.client uptcp_api.c
ar rcs libuptcp.a ../freebsd.kern/*.o ../freebsd.netinet/*.o *.o ../host.support/uptcp_statis.o         ../host.support/host_serv.o         ../host.support/if_host.o 
ar rcs libuptcp.client.a ../freebsd.kern/*.o ../freebsd.netinet/*.o *.o.client ../host.support/uptcp_statis.o.client  ../host.support/host_serv.o.client  ../host.support/if_host.o.client
ar rcs libuptcp.sim.a ../freebsd.kern/*.o ../freebsd.netinet/*.o  *.o ../host.support/uptcp_statis.o         ../host.support/host_serv.o         ../host.support/if_host.o.sim
ar rcs libuptcp.client.sim.a ../freebsd.kern/*.o ../freebsd.netinet/*.o *.o.client ../host.support/uptcp_statis.o.client  ../host.support/host_serv.o.client  ../host.support/if_host.o.client.sim
make[1]: Leaving directory `/memex/ybao/ready_for_backup/parsec-3.0-working-dir/parsec-3.0-release/parsec-3.0-150205/parsec-3.0/pkgs/libs/uptcpip/obj/amd64-linux.gcc/lib'
[PARSEC] Running 'env /usr/bin/make install':
/usr/bin/make -C lib install;
make[1]: Entering directory `/memex/ybao/ready_for_backup/parsec-3.0-working-dir/parsec-3.0-release/parsec-3.0-150205/parsec-3.0/pkgs/libs/uptcpip/obj/amd64-linux.gcc/lib'
mkdir -p /memex/ybao/ready_for_backup/parsec-3.0-working-dir/parsec-3.0-release/parsec-3.0-150205/parsec-3.0/pkgs/libs/uptcpip/inst/amd64-linux.gcc/lib
cp *.a /memex/ybao/ready_for_backup/parsec-3.0-working-dir/parsec-3.0-release/parsec-3.0-150205/parsec-3.0/pkgs/libs/uptcpip/inst/amd64-linux.gcc/lib
mkdir -p /memex/ybao/ready_for_backup/parsec-3.0-working-dir/parsec-3.0-release/parsec-3.0-150205/parsec-3.0/pkgs/libs/uptcpip/inst/amd64-linux.gcc/include
cp *.h /memex/ybao/ready_for_backup/parsec-3.0-working-dir/parsec-3.0-release/parsec-3.0-150205/parsec-3.0/pkgs/libs/uptcpip/inst/amd64-linux.gcc/include
make[1]: Leaving directory `/memex/ybao/ready_for_backup/parsec-3.0-working-dir/parsec-3.0-release/parsec-3.0-150205/parsec-3.0/pkgs/libs/uptcpip/obj/amd64-linux.gcc/lib'
[PARSEC] [---------- Analyzing package parsec.ssl ----------]
[PARSEC] Package parsec.ssl already exists, proceeding.
[PARSEC] [---------- Analyzing package parsec.zlib ----------]
[PARSEC] Package parsec.zlib already exists, proceeding.
[PARSEC] [---------- Building package parsec.netdedup ----------]
[PARSEC] Removing old build directory.
[PARSEC] Copying source code of package parsec.netdedup.
[PARSEC] Running 'env version=pthreads CFLAGS=-I/memex/ybao/ready_for_backup/parsec-3.0-working-dir/parsec-3.0-release/parsec-3.0-150205/parsec-3.0/pkgs/libs/ssl/inst/amd64-linux.gcc/include -I/memex/ybao/ready_for_backup/parsec-3.0-working-dir/parsec-3.0-release/parsec-3.0-150205/parsec-3.0/pkgs/libs/uptcpip/inst/amd64-linux.gcc/include -I/memex/ybao/ready_for_backup/parsec-3.0-working-dir/parsec-3.0-release/parsec-3.0-150205/parsec-3.0/pkgs/libs/zlib/inst/amd64-linux.gcc/include  -O3 -g -funroll-loops -fprefetch-loop-arrays -static-libgcc -Wl,--hash-style=both,--as-needed -DPARSEC_VERSION=3.0-beta-20130728 LDFLAGS=-L/memex/ybao/ready_for_backup/parsec-3.0-working-dir/parsec-3.0-release/parsec-3.0-150205/parsec-3.0/pkgs/libs/ssl/inst/amd64-linux.gcc/lib -L/memex/ybao/ready_for_backup/parsec-3.0-working-dir/parsec-3.0-release/parsec-3.0-150205/parsec-3.0/pkgs/libs/zlib/inst/amd64-linux.gcc/lib -L/memex/ybao/ready_for_backup/parsec-3.0-working-dir/parsec-3.0-release/parsec-3.0-150205/parsec-3.0/pkgs/libs/uptcpip/inst/amd64-linux.gcc/lib -L/usr/lib64 -L/usr/lib /usr/bin/make':
/usr/bin/make -C server
make[1]: Entering directory `/memex/ybao/ready_for_backup/parsec-3.0-working-dir/parsec-3.0-release/parsec-3.0-150205/parsec-3.0/pkgs/netapps/netdedup/obj/amd64-linux.gcc/server'
/usr/bin/gcc -c -I/memex/ybao/ready_for_backup/parsec-3.0-working-dir/parsec-3.0-release/parsec-3.0-150205/parsec-3.0/pkgs/libs/ssl/inst/amd64-linux.gcc/include -I/memex/ybao/ready_for_backup/parsec-3.0-working-dir/parsec-3.0-release/parsec-3.0-150205/parsec-3.0/pkgs/libs/uptcpip/inst/amd64-linux.gcc/include -I/memex/ybao/ready_for_backup/parsec-3.0-working-dir/parsec-3.0-release/parsec-3.0-150205/parsec-3.0/pkgs/libs/zlib/inst/amd64-linux.gcc/include -O3 -g -funroll-loops -fprefetch-loop-arrays -static-libgcc -Wl,--hash-style=both,--as-needed -DPARSEC_VERSION=3.0-beta-20130728 -Wall -fno-strict-aliasing -D_XOPEN_SOURCE=600 -DENABLE_PARSEC_UPTCPIP -DENABLE_GZIP_COMPRESSION -DENABLE_PTHREADS -lpthread hashtable.c -o hashtable.o
/usr/bin/gcc -c -I/memex/ybao/ready_for_backup/parsec-3.0-working-dir/parsec-3.0-release/parsec-3.0-150205/parsec-3.0/pkgs/libs/ssl/inst/amd64-linux.gcc/include -I/memex/ybao/ready_for_backup/parsec-3.0-working-dir/parsec-3.0-release/parsec-3.0-150205/parsec-3.0/pkgs/libs/uptcpip/inst/amd64-linux.gcc/include -I/memex/ybao/ready_for_backup/parsec-3.0-working-dir/parsec-3.0-release/parsec-3.0-150205/parsec-3.0/pkgs/libs/zlib/inst/amd64-linux.gcc/include -O3 -g -funroll-loops -fprefetch-loop-arrays -static-libgcc -Wl,--hash-style=both,--as-needed -DPARSEC_VERSION=3.0-beta-20130728 -Wall -fno-strict-aliasing -D_XOPEN_SOURCE=600 -DENABLE_PARSEC_UPTCPIP -DENABLE_GZIP_COMPRESSION -DENABLE_PTHREADS -lpthread util.c -o util.o
/usr/bin/gcc -c -I/memex/ybao/ready_for_backup/parsec-3.0-working-dir/parsec-3.0-release/parsec-3.0-150205/parsec-3.0/pkgs/libs/ssl/inst/amd64-linux.gcc/include -I/memex/ybao/ready_for_backup/parsec-3.0-working-dir/parsec-3.0-release/parsec-3.0-150205/parsec-3.0/pkgs/libs/uptcpip/inst/amd64-linux.gcc/include -I/memex/ybao/ready_for_backup/parsec-3.0-working-dir/parsec-3.0-release/parsec-3.0-150205/parsec-3.0/pkgs/libs/zlib/inst/amd64-linux.gcc/include -O3 -g -funroll-loops -fprefetch-loop-arrays -static-libgcc -Wl,--hash-style=both,--as-needed -DPARSEC_VERSION=3.0-beta-20130728 -Wall -fno-strict-aliasing -D_XOPEN_SOURCE=600 -DENABLE_PARSEC_UPTCPIP -DENABLE_GZIP_COMPRESSION -DENABLE_PTHREADS -lpthread dedup.c -o dedup.o
/usr/bin/gcc -c -I/memex/ybao/ready_for_backup/parsec-3.0-working-dir/parsec-3.0-release/parsec-3.0-150205/parsec-3.0/pkgs/libs/ssl/inst/amd64-linux.gcc/include -I/memex/ybao/ready_for_backup/parsec-3.0-working-dir/parsec-3.0-release/parsec-3.0-150205/parsec-3.0/pkgs/libs/uptcpip/inst/amd64-linux.gcc/include -I/memex/ybao/ready_for_backup/parsec-3.0-working-dir/parsec-3.0-release/parsec-3.0-150205/parsec-3.0/pkgs/libs/zlib/inst/amd64-linux.gcc/include -O3 -g -funroll-loops -fprefetch-loop-arrays -static-libgcc -Wl,--hash-style=both,--as-needed -DPARSEC_VERSION=3.0-beta-20130728 -Wall -fno-strict-aliasing -D_XOPEN_SOURCE=600 -DENABLE_PARSEC_UPTCPIP -DENABLE_GZIP_COMPRESSION -DENABLE_PTHREADS -lpthread rabin.c -o rabin.o
/usr/bin/gcc -c -I/memex/ybao/ready_for_backup/parsec-3.0-working-dir/parsec-3.0-release/parsec-3.0-150205/parsec-3.0/pkgs/libs/ssl/inst/amd64-linux.gcc/include -I/memex/ybao/ready_for_backup/parsec-3.0-working-dir/parsec-3.0-release/parsec-3.0-150205/parsec-3.0/pkgs/libs/uptcpip/inst/amd64-linux.gcc/include -I/memex/ybao/ready_for_backup/parsec-3.0-working-dir/parsec-3.0-release/parsec-3.0-150205/parsec-3.0/pkgs/libs/zlib/inst/amd64-linux.gcc/include -O3 -g -funroll-loops -fprefetch-loop-arrays -static-libgcc -Wl,--hash-style=both,--as-needed -DPARSEC_VERSION=3.0-beta-20130728 -Wall -fno-strict-aliasing -D_XOPEN_SOURCE=600 -DENABLE_PARSEC_UPTCPIP -DENABLE_GZIP_COMPRESSION -DENABLE_PTHREADS -lpthread encoder.c -o encoder.o
/usr/bin/gcc -c -I/memex/ybao/ready_for_backup/parsec-3.0-working-dir/parsec-3.0-release/parsec-3.0-150205/parsec-3.0/pkgs/libs/ssl/inst/amd64-linux.gcc/include -I/memex/ybao/ready_for_backup/parsec-3.0-working-dir/parsec-3.0-release/parsec-3.0-150205/parsec-3.0/pkgs/libs/uptcpip/inst/amd64-linux.gcc/include -I/memex/ybao/ready_for_backup/parsec-3.0-working-dir/parsec-3.0-release/parsec-3.0-150205/parsec-3.0/pkgs/libs/zlib/inst/amd64-linux.gcc/include -O3 -g -funroll-loops -fprefetch-loop-arrays -static-libgcc -Wl,--hash-style=both,--as-needed -DPARSEC_VERSION=3.0-beta-20130728 -Wall -fno-strict-aliasing -D_XOPEN_SOURCE=600 -DENABLE_PARSEC_UPTCPIP -DENABLE_GZIP_COMPRESSION -DENABLE_PTHREADS -lpthread decoder.c -o decoder.o
/usr/bin/gcc -c -I/memex/ybao/ready_for_backup/parsec-3.0-working-dir/parsec-3.0-release/parsec-3.0-150205/parsec-3.0/pkgs/libs/ssl/inst/amd64-linux.gcc/include -I/memex/ybao/ready_for_backup/parsec-3.0-working-dir/parsec-3.0-release/parsec-3.0-150205/parsec-3.0/pkgs/libs/uptcpip/inst/amd64-linux.gcc/include -I/memex/ybao/ready_for_backup/parsec-3.0-working-dir/parsec-3.0-release/parsec-3.0-150205/parsec-3.0/pkgs/libs/zlib/inst/amd64-linux.gcc/include -O3 -g -funroll-loops -fprefetch-loop-arrays -static-libgcc -Wl,--hash-style=both,--as-needed -DPARSEC_VERSION=3.0-beta-20130728 -Wall -fno-strict-aliasing -D_XOPEN_SOURCE=600 -DENABLE_PARSEC_UPTCPIP -DENABLE_GZIP_COMPRESSION -DENABLE_PTHREADS -lpthread mbuffer.c -o mbuffer.o
/usr/bin/gcc -c -I/memex/ybao/ready_for_backup/parsec-3.0-working-dir/parsec-3.0-release/parsec-3.0-150205/parsec-3.0/pkgs/libs/ssl/inst/amd64-linux.gcc/include -I/memex/ybao/ready_for_backup/parsec-3.0-working-dir/parsec-3.0-release/parsec-3.0-150205/parsec-3.0/pkgs/libs/uptcpip/inst/amd64-linux.gcc/include -I/memex/ybao/ready_for_backup/parsec-3.0-working-dir/parsec-3.0-release/parsec-3.0-150205/parsec-3.0/pkgs/libs/zlib/inst/amd64-linux.gcc/include -O3 -g -funroll-loops -fprefetch-loop-arrays -static-libgcc -Wl,--hash-style=both,--as-needed -DPARSEC_VERSION=3.0-beta-20130728 -Wall -fno-strict-aliasing -D_XOPEN_SOURCE=600 -DENABLE_PARSEC_UPTCPIP -DENABLE_GZIP_COMPRESSION -DENABLE_PTHREADS -lpthread sha.c -o sha.o
/usr/bin/gcc -c -I/memex/ybao/ready_for_backup/parsec-3.0-working-dir/parsec-3.0-release/parsec-3.0-150205/parsec-3.0/pkgs/libs/ssl/inst/amd64-linux.gcc/include -I/memex/ybao/ready_for_backup/parsec-3.0-working-dir/parsec-3.0-release/parsec-3.0-150205/parsec-3.0/pkgs/libs/uptcpip/inst/amd64-linux.gcc/include -I/memex/ybao/ready_for_backup/parsec-3.0-working-dir/parsec-3.0-release/parsec-3.0-150205/parsec-3.0/pkgs/libs/zlib/inst/amd64-linux.gcc/include -O3 -g -funroll-loops -fprefetch-loop-arrays -static-libgcc -Wl,--hash-style=both,--as-needed -DPARSEC_VERSION=3.0-beta-20130728 -Wall -fno-strict-aliasing -D_XOPEN_SOURCE=600 -DENABLE_PARSEC_UPTCPIP -DENABLE_GZIP_COMPRESSION -DENABLE_PTHREADS -lpthread queue.c -o queue.o
/usr/bin/gcc -c -I/memex/ybao/ready_for_backup/parsec-3.0-working-dir/parsec-3.0-release/parsec-3.0-150205/parsec-3.0/pkgs/libs/ssl/inst/amd64-linux.gcc/include -I/memex/ybao/ready_for_backup/parsec-3.0-working-dir/parsec-3.0-release/parsec-3.0-150205/parsec-3.0/pkgs/libs/uptcpip/inst/amd64-linux.gcc/include -I/memex/ybao/ready_for_backup/parsec-3.0-working-dir/parsec-3.0-release/parsec-3.0-150205/parsec-3.0/pkgs/libs/zlib/inst/amd64-linux.gcc/include -O3 -g -funroll-loops -fprefetch-loop-arrays -static-libgcc -Wl,--hash-style=both,--as-needed -DPARSEC_VERSION=3.0-beta-20130728 -Wall -fno-strict-aliasing -D_XOPEN_SOURCE=600 -DENABLE_PARSEC_UPTCPIP -DENABLE_GZIP_COMPRESSION -DENABLE_PTHREADS -lpthread binheap.c -o binheap.o
/usr/bin/gcc -c -I/memex/ybao/ready_for_backup/parsec-3.0-working-dir/parsec-3.0-release/parsec-3.0-150205/parsec-3.0/pkgs/libs/ssl/inst/amd64-linux.gcc/include -I/memex/ybao/ready_for_backup/parsec-3.0-working-dir/parsec-3.0-release/parsec-3.0-150205/parsec-3.0/pkgs/libs/uptcpip/inst/amd64-linux.gcc/include -I/memex/ybao/ready_for_backup/parsec-3.0-working-dir/parsec-3.0-release/parsec-3.0-150205/parsec-3.0/pkgs/libs/zlib/inst/amd64-linux.gcc/include -O3 -g -funroll-loops -fprefetch-loop-arrays -static-libgcc -Wl,--hash-style=both,--as-needed -DPARSEC_VERSION=3.0-beta-20130728 -Wall -fno-strict-aliasing -D_XOPEN_SOURCE=600 -DENABLE_PARSEC_UPTCPIP -DENABLE_GZIP_COMPRESSION -DENABLE_PTHREADS -lpthread tree.c -o tree.o
/usr/bin/gcc -I/memex/ybao/ready_for_backup/parsec-3.0-working-dir/parsec-3.0-release/parsec-3.0-150205/parsec-3.0/pkgs/libs/ssl/inst/amd64-linux.gcc/include -I/memex/ybao/ready_for_backup/parsec-3.0-working-dir/parsec-3.0-release/parsec-3.0-150205/parsec-3.0/pkgs/libs/uptcpip/inst/amd64-linux.gcc/include -I/memex/ybao/ready_for_backup/parsec-3.0-working-dir/parsec-3.0-release/parsec-3.0-150205/parsec-3.0/pkgs/libs/zlib/inst/amd64-linux.gcc/include -O3 -g -funroll-loops -fprefetch-loop-arrays -static-libgcc -Wl,--hash-style=both,--as-needed -DPARSEC_VERSION=3.0-beta-20130728 -Wall -fno-strict-aliasing -D_XOPEN_SOURCE=600 -DENABLE_PARSEC_UPTCPIP -DENABLE_GZIP_COMPRESSION -DENABLE_PTHREADS -lpthread -L/memex/ybao/ready_for_backup/parsec-3.0-working-dir/parsec-3.0-release/parsec-3.0-150205/parsec-3.0/pkgs/libs/ssl/inst/amd64-linux.gcc/lib -L/memex/ybao/ready_for_backup/parsec-3.0-working-dir/parsec-3.0-release/parsec-3.0-150205/parsec-3.0/pkgs/libs/zlib/inst/amd64-linux.gcc/lib -L/memex/ybao/ready_for_backup/parsec-3.0-working-dir/parsec-3.0-release/parsec-3.0-150205/parsec-3.0/pkgs/libs/uptcpip/inst/amd64-linux.gcc/lib -L/usr/lib64 -L/usr/lib -o netdedup hashtable.o util.o dedup.o rabin.o encoder.o decoder.o mbuffer.o sha.o queue.o binheap.o tree.o  -lm -lpthread -lz -luptcp
/usr/bin/gcc -I/memex/ybao/ready_for_backup/parsec-3.0-working-dir/parsec-3.0-release/parsec-3.0-150205/parsec-3.0/pkgs/libs/ssl/inst/amd64-linux.gcc/include -I/memex/ybao/ready_for_backup/parsec-3.0-working-dir/parsec-3.0-release/parsec-3.0-150205/parsec-3.0/pkgs/libs/uptcpip/inst/amd64-linux.gcc/include -I/memex/ybao/ready_for_backup/parsec-3.0-working-dir/parsec-3.0-release/parsec-3.0-150205/parsec-3.0/pkgs/libs/zlib/inst/amd64-linux.gcc/include -O3 -g -funroll-loops -fprefetch-loop-arrays -static-libgcc -Wl,--hash-style=both,--as-needed -DPARSEC_VERSION=3.0-beta-20130728 -Wall -fno-strict-aliasing -D_XOPEN_SOURCE=600 -DENABLE_PARSEC_UPTCPIP -DENABLE_GZIP_COMPRESSION -DENABLE_PTHREADS -lpthread -L/memex/ybao/ready_for_backup/parsec-3.0-working-dir/parsec-3.0-release/parsec-3.0-150205/parsec-3.0/pkgs/libs/ssl/inst/amd64-linux.gcc/lib -L/memex/ybao/ready_for_backup/parsec-3.0-working-dir/parsec-3.0-release/parsec-3.0-150205/parsec-3.0/pkgs/libs/zlib/inst/amd64-linux.gcc/lib -L/memex/ybao/ready_for_backup/parsec-3.0-working-dir/parsec-3.0-release/parsec-3.0-150205/parsec-3.0/pkgs/libs/uptcpip/inst/amd64-linux.gcc/lib -L/usr/lib64 -L/usr/lib -o netdedup_sim hashtable.o util.o dedup.o rabin.o encoder.o decoder.o mbuffer.o sha.o queue.o binheap.o tree.o  -lm -lpthread -lz -luptcp.sim
make[1]: Leaving directory `/memex/ybao/ready_for_backup/parsec-3.0-working-dir/parsec-3.0-release/parsec-3.0-150205/parsec-3.0/pkgs/netapps/netdedup/obj/amd64-linux.gcc/server'
/usr/bin/make -C client
make[1]: Entering directory `/memex/ybao/ready_for_backup/parsec-3.0-working-dir/parsec-3.0-release/parsec-3.0-150205/parsec-3.0/pkgs/netapps/netdedup/obj/amd64-linux.gcc/client'
/usr/bin/gcc -c -I/memex/ybao/ready_for_backup/parsec-3.0-working-dir/parsec-3.0-release/parsec-3.0-150205/parsec-3.0/pkgs/libs/ssl/inst/amd64-linux.gcc/include -I/memex/ybao/ready_for_backup/parsec-3.0-working-dir/parsec-3.0-release/parsec-3.0-150205/parsec-3.0/pkgs/libs/uptcpip/inst/amd64-linux.gcc/include -I/memex/ybao/ready_for_backup/parsec-3.0-working-dir/parsec-3.0-release/parsec-3.0-150205/parsec-3.0/pkgs/libs/zlib/inst/amd64-linux.gcc/include -O3 -g -funroll-loops -fprefetch-loop-arrays -static-libgcc -Wl,--hash-style=both,--as-needed -DPARSEC_VERSION=3.0-beta-20130728 -Wall -fno-strict-aliasing -D_XOPEN_SOURCE=600 -DENABLE_PARSEC_UPTCPIP   dedup_client.c -o dedup_client.o
/usr/bin/gcc -I/memex/ybao/ready_for_backup/parsec-3.0-working-dir/parsec-3.0-release/parsec-3.0-150205/parsec-3.0/pkgs/libs/ssl/inst/amd64-linux.gcc/include -I/memex/ybao/ready_for_backup/parsec-3.0-working-dir/parsec-3.0-release/parsec-3.0-150205/parsec-3.0/pkgs/libs/uptcpip/inst/amd64-linux.gcc/include -I/memex/ybao/ready_for_backup/parsec-3.0-working-dir/parsec-3.0-release/parsec-3.0-150205/parsec-3.0/pkgs/libs/zlib/inst/amd64-linux.gcc/include -O3 -g -funroll-loops -fprefetch-loop-arrays -static-libgcc -Wl,--hash-style=both,--as-needed -DPARSEC_VERSION=3.0-beta-20130728 -Wall -fno-strict-aliasing -D_XOPEN_SOURCE=600 -DENABLE_PARSEC_UPTCPIP   -L/memex/ybao/ready_for_backup/parsec-3.0-working-dir/parsec-3.0-release/parsec-3.0-150205/parsec-3.0/pkgs/libs/ssl/inst/amd64-linux.gcc/lib -L/memex/ybao/ready_for_backup/parsec-3.0-working-dir/parsec-3.0-release/parsec-3.0-150205/parsec-3.0/pkgs/libs/zlib/inst/amd64-linux.gcc/lib -L/memex/ybao/ready_for_backup/parsec-3.0-working-dir/parsec-3.0-release/parsec-3.0-150205/parsec-3.0/pkgs/libs/uptcpip/inst/amd64-linux.gcc/lib -L/usr/lib64 -L/usr/lib -o netdedup_client dedup_client.o   -lpthread -luptcp.client
/usr/bin/gcc -I/memex/ybao/ready_for_backup/parsec-3.0-working-dir/parsec-3.0-release/parsec-3.0-150205/parsec-3.0/pkgs/libs/ssl/inst/amd64-linux.gcc/include -I/memex/ybao/ready_for_backup/parsec-3.0-working-dir/parsec-3.0-release/parsec-3.0-150205/parsec-3.0/pkgs/libs/uptcpip/inst/amd64-linux.gcc/include -I/memex/ybao/ready_for_backup/parsec-3.0-working-dir/parsec-3.0-release/parsec-3.0-150205/parsec-3.0/pkgs/libs/zlib/inst/amd64-linux.gcc/include -O3 -g -funroll-loops -fprefetch-loop-arrays -static-libgcc -Wl,--hash-style=both,--as-needed -DPARSEC_VERSION=3.0-beta-20130728 -Wall -fno-strict-aliasing -D_XOPEN_SOURCE=600 -DENABLE_PARSEC_UPTCPIP   -L/memex/ybao/ready_for_backup/parsec-3.0-working-dir/parsec-3.0-release/parsec-3.0-150205/parsec-3.0/pkgs/libs/ssl/inst/amd64-linux.gcc/lib -L/memex/ybao/ready_for_backup/parsec-3.0-working-dir/parsec-3.0-release/parsec-3.0-150205/parsec-3.0/pkgs/libs/zlib/inst/amd64-linux.gcc/lib -L/memex/ybao/ready_for_backup/parsec-3.0-working-dir/parsec-3.0-release/parsec-3.0-150205/parsec-3.0/pkgs/libs/uptcpip/inst/amd64-linux.gcc/lib -L/usr/lib64 -L/usr/lib -o netdedup_client_sim dedup_client.o   -lpthread -luptcp.client.sim
make[1]: Leaving directory `/memex/ybao/ready_for_backup/parsec-3.0-working-dir/parsec-3.0-release/parsec-3.0-150205/parsec-3.0/pkgs/netapps/netdedup/obj/amd64-linux.gcc/client'
[PARSEC] Running 'env version=pthreads CFLAGS=-I/memex/ybao/ready_for_backup/parsec-3.0-working-dir/parsec-3.0-release/parsec-3.0-150205/parsec-3.0/pkgs/libs/ssl/inst/amd64-linux.gcc/include -I/memex/ybao/ready_for_backup/parsec-3.0-working-dir/parsec-3.0-release/parsec-3.0-150205/parsec-3.0/pkgs/libs/uptcpip/inst/amd64-linux.gcc/include -I/memex/ybao/ready_for_backup/parsec-3.0-working-dir/parsec-3.0-release/parsec-3.0-150205/parsec-3.0/pkgs/libs/zlib/inst/amd64-linux.gcc/include  -O3 -g -funroll-loops -fprefetch-loop-arrays -static-libgcc -Wl,--hash-style=both,--as-needed -DPARSEC_VERSION=3.0-beta-20130728 LDFLAGS=-L/memex/ybao/ready_for_backup/parsec-3.0-working-dir/parsec-3.0-release/parsec-3.0-150205/parsec-3.0/pkgs/libs/ssl/inst/amd64-linux.gcc/lib -L/memex/ybao/ready_for_backup/parsec-3.0-working-dir/parsec-3.0-release/parsec-3.0-150205/parsec-3.0/pkgs/libs/zlib/inst/amd64-linux.gcc/lib -L/memex/ybao/ready_for_backup/parsec-3.0-working-dir/parsec-3.0-release/parsec-3.0-150205/parsec-3.0/pkgs/libs/uptcpip/inst/amd64-linux.gcc/lib -L/usr/lib64 -L/usr/lib /usr/bin/make install':
mkdir -p /memex/ybao/ready_for_backup/parsec-3.0-working-dir/parsec-3.0-release/parsec-3.0-150205/parsec-3.0/pkgs/netapps/netdedup/inst/amd64-linux.gcc/bin
cp ./server/netdedup /memex/ybao/ready_for_backup/parsec-3.0-working-dir/parsec-3.0-release/parsec-3.0-150205/parsec-3.0/pkgs/netapps/netdedup/inst/amd64-linux.gcc/bin 
cp ./server/netdedup_sim /memex/ybao/ready_for_backup/parsec-3.0-working-dir/parsec-3.0-release/parsec-3.0-150205/parsec-3.0/pkgs/netapps/netdedup/inst/amd64-linux.gcc/bin 
cp ./client/netdedup_client /memex/ybao/ready_for_backup/parsec-3.0-working-dir/parsec-3.0-release/parsec-3.0-150205/parsec-3.0/pkgs/netapps/netdedup/inst/amd64-linux.gcc/bin 
cp ./client/netdedup_client_sim /memex/ybao/ready_for_backup/parsec-3.0-working-dir/parsec-3.0-release/parsec-3.0-150205/parsec-3.0/pkgs/netapps/netdedup/inst/amd64-linux.gcc/bin 
cp ./run.sh /memex/ybao/ready_for_backup/parsec-3.0-working-dir/parsec-3.0-release/parsec-3.0-150205/parsec-3.0/pkgs/netapps/netdedup/inst/amd64-linux.gcc/bin 

[PARSEC] [========== Building package parsec.netferret [1] ==========]
[PARSEC] [---------- Analyzing package parsec.netferret ----------]
[PARSEC] parsec.netferret depends on: gsl libjpeg uptcpip
[PARSEC] [---------- Analyzing package parsec.gsl ----------]
[PARSEC] Package parsec.gsl already exists, proceeding.
[PARSEC] [---------- Analyzing package parsec.libjpeg ----------]
[PARSEC] Package parsec.libjpeg already exists, proceeding.
[PARSEC] [---------- Analyzing package parsec.uptcpip ----------]
[PARSEC] Package parsec.uptcpip already exists, proceeding.
[PARSEC] [---------- Building package parsec.netferret ----------]
[PARSEC] Removing old build directory.
[PARSEC] Copying source code of package parsec.netferret.
[PARSEC] Running 'env version=pthreads CFLAGS=-I/memex/ybao/ready_for_backup/parsec-3.0-working-dir/parsec-3.0-release/parsec-3.0-150205/parsec-3.0/pkgs/libs/uptcpip/inst/amd64-linux.gcc/include -I/memex/ybao/ready_for_backup/parsec-3.0-working-dir/parsec-3.0-release/parsec-3.0-150205/parsec-3.0/pkgs/libs/gsl/inst/amd64-linux.gcc/include -I/memex/ybao/ready_for_backup/parsec-3.0-working-dir/parsec-3.0-release/parsec-3.0-150205/parsec-3.0/pkgs/libs/libjpeg/inst/amd64-linux.gcc/include  -O3 -g -funroll-loops -fprefetch-loop-arrays -static-libgcc -Wl,--hash-style=both,--as-needed -DPARSEC_VERSION=3.0-beta-20130728 LDFLAGS=-L/memex/ybao/ready_for_backup/parsec-3.0-working-dir/parsec-3.0-release/parsec-3.0-150205/parsec-3.0/pkgs/libs/uptcpip/inst/amd64-linux.gcc/lib -L/memex/ybao/ready_for_backup/parsec-3.0-working-dir/parsec-3.0-release/parsec-3.0-150205/parsec-3.0/pkgs/libs/gsl/inst/amd64-linux.gcc/lib -L/memex/ybao/ready_for_backup/parsec-3.0-working-dir/parsec-3.0-release/parsec-3.0-150205/parsec-3.0/pkgs/libs/libjpeg/inst/amd64-linux.gcc/lib -L/usr/lib64 -L/usr/lib /usr/bin/make':
/usr/bin/make -C server
make[1]: Entering directory `/memex/ybao/ready_for_backup/parsec-3.0-working-dir/parsec-3.0-release/parsec-3.0-150205/parsec-3.0/pkgs/netapps/netferret/obj/amd64-linux.gcc/server'
mkdir -p /memex/ybao/ready_for_backup/parsec-3.0-working-dir/parsec-3.0-release/parsec-3.0-150205/parsec-3.0/pkgs/netapps/netferret/obj/amd64-linux.gcc/server/parsec/bin
mkdir -p /memex/ybao/ready_for_backup/parsec-3.0-working-dir/parsec-3.0-release/parsec-3.0-150205/parsec-3.0/pkgs/netapps/netferret/obj/amd64-linux.gcc/server/parsec/lib
mkdir -p /memex/ybao/ready_for_backup/parsec-3.0-working-dir/parsec-3.0-release/parsec-3.0-150205/parsec-3.0/pkgs/netapps/netferret/obj/amd64-linux.gcc/server/parsec/obj
   CC '/memex/ybao/ready_for_backup/parsec-3.0-working-dir/parsec-3.0-release/parsec-3.0-150205/parsec-3.0/pkgs/netapps/netferret/obj/amd64-linux.gcc/server/src/arena.c' ==> '/memex/ybao/ready_for_backup/parsec-3.0-working-dir/parsec-3.0-release/parsec-3.0-150205/parsec-3.0/pkgs/netapps/netferret/obj/amd64-linux.gcc/server/parsec/obj/arena.o'
   CC '/memex/ybao/ready_for_backup/parsec-3.0-working-dir/parsec-3.0-release/parsec-3.0-150205/parsec-3.0/pkgs/netapps/netferret/obj/amd64-linux.gcc/server/src/assign.c' ==> '/memex/ybao/ready_for_backup/parsec-3.0-working-dir/parsec-3.0-release/parsec-3.0-150205/parsec-3.0/pkgs/netapps/netferret/obj/amd64-linux.gcc/server/parsec/obj/assign.o'
   CC '/memex/ybao/ready_for_backup/parsec-3.0-working-dir/parsec-3.0-release/parsec-3.0-150205/parsec-3.0/pkgs/netapps/netferret/obj/amd64-linux.gcc/server/src/bench.c' ==> '/memex/ybao/ready_for_backup/parsec-3.0-working-dir/parsec-3.0-release/parsec-3.0-150205/parsec-3.0/pkgs/netapps/netferret/obj/amd64-linux.gcc/server/parsec/obj/bench.o'
   CC '/memex/ybao/ready_for_backup/parsec-3.0-working-dir/parsec-3.0-release/parsec-3.0-150205/parsec-3.0/pkgs/netapps/netferret/obj/amd64-linux.gcc/server/src/bitmap.c' ==> '/memex/ybao/ready_for_backup/parsec-3.0-working-dir/parsec-3.0-release/parsec-3.0-150205/parsec-3.0/pkgs/netapps/netferret/obj/amd64-linux.gcc/server/parsec/obj/bitmap.o'
   CC '/memex/ybao/ready_for_backup/parsec-3.0-working-dir/parsec-3.0-release/parsec-3.0-150205/parsec-3.0/pkgs/netapps/netferret/obj/amd64-linux.gcc/server/src/cass.c' ==> '/memex/ybao/ready_for_backup/parsec-3.0-working-dir/parsec-3.0-release/parsec-3.0-150205/parsec-3.0/pkgs/netapps/netferret/obj/amd64-linux.gcc/server/parsec/obj/cass.o'
   CC '/memex/ybao/ready_for_backup/parsec-3.0-working-dir/parsec-3.0-release/parsec-3.0-150205/parsec-3.0/pkgs/netapps/netferret/obj/amd64-linux.gcc/server/src/cass_dist.c' ==> '/memex/ybao/ready_for_backup/parsec-3.0-working-dir/parsec-3.0-release/parsec-3.0-150205/parsec-3.0/pkgs/netapps/netferret/obj/amd64-linux.gcc/server/parsec/obj/cass_dist.o'
   CC '/memex/ybao/ready_for_backup/parsec-3.0-working-dir/parsec-3.0-release/parsec-3.0-150205/parsec-3.0/pkgs/netapps/netferret/obj/amd64-linux.gcc/server/src/cass_reg.c' ==> '/memex/ybao/ready_for_backup/parsec-3.0-working-dir/parsec-3.0-release/parsec-3.0-150205/parsec-3.0/pkgs/netapps/netferret/obj/amd64-linux.gcc/server/parsec/obj/cass_reg.o'
   CC '/memex/ybao/ready_for_backup/parsec-3.0-working-dir/parsec-3.0-release/parsec-3.0-150205/parsec-3.0/pkgs/netapps/netferret/obj/amd64-linux.gcc/server/src/cuckoo_hash.c' ==> '/memex/ybao/ready_for_backup/parsec-3.0-working-dir/parsec-3.0-release/parsec-3.0-150205/parsec-3.0/pkgs/netapps/netferret/obj/amd64-linux.gcc/server/parsec/obj/cuckoo_hash.o'
   CC '/memex/ybao/ready_for_backup/parsec-3.0-working-dir/parsec-3.0-release/parsec-3.0-150205/parsec-3.0/pkgs/netapps/netferret/obj/amd64-linux.gcc/server/src/dataset.c' ==> '/memex/ybao/ready_for_backup/parsec-3.0-working-dir/parsec-3.0-release/parsec-3.0-150205/parsec-3.0/pkgs/netapps/netferret/obj/amd64-linux.gcc/server/parsec/obj/dataset.o'
   CC '/memex/ybao/ready_for_backup/parsec-3.0-working-dir/parsec-3.0-release/parsec-3.0-150205/parsec-3.0/pkgs/netapps/netferret/obj/amd64-linux.gcc/server/src/dist.c' ==> '/memex/ybao/ready_for_backup/parsec-3.0-working-dir/parsec-3.0-release/parsec-3.0-150205/parsec-3.0/pkgs/netapps/netferret/obj/amd64-linux.gcc/server/parsec/obj/dist.o'
   CC '/memex/ybao/ready_for_backup/parsec-3.0-working-dir/parsec-3.0-release/parsec-3.0-150205/parsec-3.0/pkgs/netapps/netferret/obj/amd64-linux.gcc/server/src/emd.c' ==> '/memex/ybao/ready_for_backup/parsec-3.0-working-dir/parsec-3.0-release/parsec-3.0-150205/parsec-3.0/pkgs/netapps/netferret/obj/amd64-linux.gcc/server/parsec/obj/emd.o'
   CC '/memex/ybao/ready_for_backup/parsec-3.0-working-dir/parsec-3.0-release/parsec-3.0-150205/parsec-3.0/pkgs/netapps/netferret/obj/amd64-linux.gcc/server/src/env.c' ==> '/memex/ybao/ready_for_backup/parsec-3.0-working-dir/parsec-3.0-release/parsec-3.0-150205/parsec-3.0/pkgs/netapps/netferret/obj/amd64-linux.gcc/server/parsec/obj/env.o'
   CC '/memex/ybao/ready_for_backup/parsec-3.0-working-dir/parsec-3.0-release/parsec-3.0-150205/parsec-3.0/pkgs/netapps/netferret/obj/amd64-linux.gcc/server/src/error.c' ==> '/memex/ybao/ready_for_backup/parsec-3.0-working-dir/parsec-3.0-release/parsec-3.0-150205/parsec-3.0/pkgs/netapps/netferret/obj/amd64-linux.gcc/server/parsec/obj/error.o'
   CC '/memex/ybao/ready_for_backup/parsec-3.0-working-dir/parsec-3.0-release/parsec-3.0-150205/parsec-3.0/pkgs/netapps/netferret/obj/amd64-linux.gcc/server/src/hash.c' ==> '/memex/ybao/ready_for_backup/parsec-3.0-working-dir/parsec-3.0-release/parsec-3.0-150205/parsec-3.0/pkgs/netapps/netferret/obj/amd64-linux.gcc/server/parsec/obj/hash.o'
   CC '/memex/ybao/ready_for_backup/parsec-3.0-working-dir/parsec-3.0-release/parsec-3.0-150205/parsec-3.0/pkgs/netapps/netferret/obj/amd64-linux.gcc/server/src/hash_table.c' ==> '/memex/ybao/ready_for_backup/parsec-3.0-working-dir/parsec-3.0-release/parsec-3.0-150205/parsec-3.0/pkgs/netapps/netferret/obj/amd64-linux.gcc/server/parsec/obj/hash_table.o'
   CC '/memex/ybao/ready_for_backup/parsec-3.0-working-dir/parsec-3.0-release/parsec-3.0-150205/parsec-3.0/pkgs/netapps/netferret/obj/amd64-linux.gcc/server/src/heap.c' ==> '/memex/ybao/ready_for_backup/parsec-3.0-working-dir/parsec-3.0-release/parsec-3.0-150205/parsec-3.0/pkgs/netapps/netferret/obj/amd64-linux.gcc/server/parsec/obj/heap.o'
   CC '/memex/ybao/ready_for_backup/parsec-3.0-working-dir/parsec-3.0-release/parsec-3.0-150205/parsec-3.0/pkgs/netapps/netferret/obj/amd64-linux.gcc/server/src/import.c' ==> '/memex/ybao/ready_for_backup/parsec-3.0-working-dir/parsec-3.0-release/parsec-3.0-150205/parsec-3.0/pkgs/netapps/netferret/obj/amd64-linux.gcc/server/parsec/obj/import.o'
   CC '/memex/ybao/ready_for_backup/parsec-3.0-working-dir/parsec-3.0-release/parsec-3.0-150205/parsec-3.0/pkgs/netapps/netferret/obj/amd64-linux.gcc/server/src/map.c' ==> '/memex/ybao/ready_for_backup/parsec-3.0-working-dir/parsec-3.0-release/parsec-3.0-150205/parsec-3.0/pkgs/netapps/netferret/obj/amd64-linux.gcc/server/parsec/obj/map.o'
   CC '/memex/ybao/ready_for_backup/parsec-3.0-working-dir/parsec-3.0-release/parsec-3.0-150205/parsec-3.0/pkgs/netapps/netferret/obj/amd64-linux.gcc/server/src/matrix.c' ==> '/memex/ybao/ready_for_backup/parsec-3.0-working-dir/parsec-3.0-release/parsec-3.0-150205/parsec-3.0/pkgs/netapps/netferret/obj/amd64-linux.gcc/server/parsec/obj/matrix.o'
   CC '/memex/ybao/ready_for_backup/parsec-3.0-working-dir/parsec-3.0-release/parsec-3.0-150205/parsec-3.0/pkgs/netapps/netferret/obj/amd64-linux.gcc/server/src/queue.c' ==> '/memex/ybao/ready_for_backup/parsec-3.0-working-dir/parsec-3.0-release/parsec-3.0-150205/parsec-3.0/pkgs/netapps/netferret/obj/amd64-linux.gcc/server/parsec/obj/queue.o'
   CC '/memex/ybao/ready_for_backup/parsec-3.0-working-dir/parsec-3.0-release/parsec-3.0-150205/parsec-3.0/pkgs/netapps/netferret/obj/amd64-linux.gcc/server/src/raw.c' ==> '/memex/ybao/ready_for_backup/parsec-3.0-working-dir/parsec-3.0-release/parsec-3.0-150205/parsec-3.0/pkgs/netapps/netferret/obj/amd64-linux.gcc/server/parsec/obj/raw.o'
   CC '/memex/ybao/ready_for_backup/parsec-3.0-working-dir/parsec-3.0-release/parsec-3.0-150205/parsec-3.0/pkgs/netapps/netferret/obj/amd64-linux.gcc/server/src/stat.c' ==> '/memex/ybao/ready_for_backup/parsec-3.0-working-dir/parsec-3.0-release/parsec-3.0-150205/parsec-3.0/pkgs/netapps/netferret/obj/amd64-linux.gcc/server/parsec/obj/stat.o'
   CC '/memex/ybao/ready_for_backup/parsec-3.0-working-dir/parsec-3.0-release/parsec-3.0-150205/parsec-3.0/pkgs/netapps/netferret/obj/amd64-linux.gcc/server/src/table.c' ==> '/memex/ybao/ready_for_backup/parsec-3.0-working-dir/parsec-3.0-release/parsec-3.0-150205/parsec-3.0/pkgs/netapps/netferret/obj/amd64-linux.gcc/server/parsec/obj/table.o'
   CC '/memex/ybao/ready_for_backup/parsec-3.0-working-dir/parsec-3.0-release/parsec-3.0-150205/parsec-3.0/pkgs/netapps/netferret/obj/amd64-linux.gcc/server/src/timer.c' ==> '/memex/ybao/ready_for_backup/parsec-3.0-working-dir/parsec-3.0-release/parsec-3.0-150205/parsec-3.0/pkgs/netapps/netferret/obj/amd64-linux.gcc/server/parsec/obj/timer.o'
   CC '/memex/ybao/ready_for_backup/parsec-3.0-working-dir/parsec-3.0-release/parsec-3.0-150205/parsec-3.0/pkgs/netapps/netferret/obj/amd64-linux.gcc/server/src/topk.c' ==> '/memex/ybao/ready_for_backup/parsec-3.0-working-dir/parsec-3.0-release/parsec-3.0-150205/parsec-3.0/pkgs/netapps/netferret/obj/amd64-linux.gcc/server/parsec/obj/topk.o'
   CC '/memex/ybao/ready_for_backup/parsec-3.0-working-dir/parsec-3.0-release/parsec-3.0-150205/parsec-3.0/pkgs/netapps/netferret/obj/amd64-linux.gcc/server/src/tp.c' ==> '/memex/ybao/ready_for_backup/parsec-3.0-working-dir/parsec-3.0-release/parsec-3.0-150205/parsec-3.0/pkgs/netapps/netferret/obj/amd64-linux.gcc/server/parsec/obj/tp.o'
   CC '/memex/ybao/ready_for_backup/parsec-3.0-working-dir/parsec-3.0-release/parsec-3.0-150205/parsec-3.0/pkgs/netapps/netferret/obj/amd64-linux.gcc/server/src/tpool.c' ==> '/memex/ybao/ready_for_backup/parsec-3.0-working-dir/parsec-3.0-release/parsec-3.0-150205/parsec-3.0/pkgs/netapps/netferret/obj/amd64-linux.gcc/server/parsec/obj/tpool.o'
   CC '/memex/ybao/ready_for_backup/parsec-3.0-working-dir/parsec-3.0-release/parsec-3.0-150205/parsec-3.0/pkgs/netapps/netferret/obj/amd64-linux.gcc/server/src/util.c' ==> '/memex/ybao/ready_for_backup/parsec-3.0-working-dir/parsec-3.0-release/parsec-3.0-150205/parsec-3.0/pkgs/netapps/netferret/obj/amd64-linux.gcc/server/parsec/obj/util.o'
   CC '/memex/ybao/ready_for_backup/parsec-3.0-working-dir/parsec-3.0-release/parsec-3.0-150205/parsec-3.0/pkgs/netapps/netferret/obj/amd64-linux.gcc/server/src/lsh/local.c' ==> '/memex/ybao/ready_for_backup/parsec-3.0-working-dir/parsec-3.0-release/parsec-3.0-150205/parsec-3.0/pkgs/netapps/netferret/obj/amd64-linux.gcc/server/parsec/obj/local.o'
   CC '/memex/ybao/ready_for_backup/parsec-3.0-working-dir/parsec-3.0-release/parsec-3.0-150205/parsec-3.0/pkgs/netapps/netferret/obj/amd64-linux.gcc/server/src/lsh/LSH.c' ==> '/memex/ybao/ready_for_backup/parsec-3.0-working-dir/parsec-3.0-release/parsec-3.0-150205/parsec-3.0/pkgs/netapps/netferret/obj/amd64-linux.gcc/server/parsec/obj/LSH.o'
   CC '/memex/ybao/ready_for_backup/parsec-3.0-working-dir/parsec-3.0-release/parsec-3.0-150205/parsec-3.0/pkgs/netapps/netferret/obj/amd64-linux.gcc/server/src/lsh/LSH_query_batch.c' ==> '/memex/ybao/ready_for_backup/parsec-3.0-working-dir/parsec-3.0-release/parsec-3.0-150205/parsec-3.0/pkgs/netapps/netferret/obj/amd64-linux.gcc/server/parsec/obj/LSH_query_batch.o'
   CC '/memex/ybao/ready_for_backup/parsec-3.0-working-dir/parsec-3.0-release/parsec-3.0-150205/parsec-3.0/pkgs/netapps/netferret/obj/amd64-linux.gcc/server/src/lsh/LSH_query.c' ==> '/memex/ybao/ready_for_backup/parsec-3.0-working-dir/parsec-3.0-release/parsec-3.0-150205/parsec-3.0/pkgs/netapps/netferret/obj/amd64-linux.gcc/server/parsec/obj/LSH_query.o'
   CC '/memex/ybao/ready_for_backup/parsec-3.0-working-dir/parsec-3.0-release/parsec-3.0-150205/parsec-3.0/pkgs/netapps/netferret/obj/amd64-linux.gcc/server/src/lsh/perturb.c' ==> '/memex/ybao/ready_for_backup/parsec-3.0-working-dir/parsec-3.0-release/parsec-3.0-150205/parsec-3.0/pkgs/netapps/netferret/obj/amd64-linux.gcc/server/parsec/obj/perturb.o'
   CC '/memex/ybao/ready_for_backup/parsec-3.0-working-dir/parsec-3.0-release/parsec-3.0-150205/parsec-3.0/pkgs/netapps/netferret/obj/amd64-linux.gcc/server/src/lsh/recall.c' ==> '/memex/ybao/ready_for_backup/parsec-3.0-working-dir/parsec-3.0-release/parsec-3.0-150205/parsec-3.0/pkgs/netapps/netferret/obj/amd64-linux.gcc/server/parsec/obj/recall.o'
   A  '/memex/ybao/ready_for_backup/parsec-3.0-working-dir/parsec-3.0-release/parsec-3.0-150205/parsec-3.0/pkgs/netapps/netferret/obj/amd64-linux.gcc/server/parsec/lib/libcass.a'
   CC '/memex/ybao/ready_for_backup/parsec-3.0-working-dir/parsec-3.0-release/parsec-3.0-150205/parsec-3.0/pkgs/netapps/netferret/obj/amd64-linux.gcc/server/tools/cass_add_cfg.c' ==> '/memex/ybao/ready_for_backup/parsec-3.0-working-dir/parsec-3.0-release/parsec-3.0-150205/parsec-3.0/pkgs/netapps/netferret/obj/amd64-linux.gcc/server/parsec/obj/cass_add_cfg.o'
   CXX '/memex/ybao/ready_for_backup/parsec-3.0-working-dir/parsec-3.0-release/parsec-3.0-150205/parsec-3.0/pkgs/netapps/netferret/obj/amd64-linux.gcc/server/parsec/obj/cass_add_cfg.o' ==> '/memex/ybao/ready_for_backup/parsec-3.0-working-dir/parsec-3.0-release/parsec-3.0-150205/parsec-3.0/pkgs/netapps/netferret/obj/amd64-linux.gcc/server/parsec/bin/cass_add_cfg'
   CC '/memex/ybao/ready_for_backup/parsec-3.0-working-dir/parsec-3.0-release/parsec-3.0-150205/parsec-3.0/pkgs/netapps/netferret/obj/amd64-linux.gcc/server/tools/cass_add_index.c' ==> '/memex/ybao/ready_for_backup/parsec-3.0-working-dir/parsec-3.0-release/parsec-3.0-150205/parsec-3.0/pkgs/netapps/netferret/obj/amd64-linux.gcc/server/parsec/obj/cass_add_index.o'
   CXX '/memex/ybao/ready_for_backup/parsec-3.0-working-dir/parsec-3.0-release/parsec-3.0-150205/parsec-3.0/pkgs/netapps/netferret/obj/amd64-linux.gcc/server/parsec/obj/cass_add_index.o' ==> '/memex/ybao/ready_for_backup/parsec-3.0-working-dir/parsec-3.0-release/parsec-3.0-150205/parsec-3.0/pkgs/netapps/netferret/obj/amd64-linux.gcc/server/parsec/bin/cass_add_index'
   CC '/memex/ybao/ready_for_backup/parsec-3.0-working-dir/parsec-3.0-release/parsec-3.0-150205/parsec-3.0/pkgs/netapps/netferret/obj/amd64-linux.gcc/server/tools/cass_add_map.c' ==> '/memex/ybao/ready_for_backup/parsec-3.0-working-dir/parsec-3.0-release/parsec-3.0-150205/parsec-3.0/pkgs/netapps/netferret/obj/amd64-linux.gcc/server/parsec/obj/cass_add_map.o'
   CXX '/memex/ybao/ready_for_backup/parsec-3.0-working-dir/parsec-3.0-release/parsec-3.0-150205/parsec-3.0/pkgs/netapps/netferret/obj/amd64-linux.gcc/server/parsec/obj/cass_add_map.o' ==> '/memex/ybao/ready_for_backup/parsec-3.0-working-dir/parsec-3.0-release/parsec-3.0-150205/parsec-3.0/pkgs/netapps/netferret/obj/amd64-linux.gcc/server/parsec/bin/cass_add_map'
   CC '/memex/ybao/ready_for_backup/parsec-3.0-working-dir/parsec-3.0-release/parsec-3.0-150205/parsec-3.0/pkgs/netapps/netferret/obj/amd64-linux.gcc/server/tools/cass_add_table.c' ==> '/memex/ybao/ready_for_backup/parsec-3.0-working-dir/parsec-3.0-release/parsec-3.0-150205/parsec-3.0/pkgs/netapps/netferret/obj/amd64-linux.gcc/server/parsec/obj/cass_add_table.o'
   CXX '/memex/ybao/ready_for_backup/parsec-3.0-working-dir/parsec-3.0-release/parsec-3.0-150205/parsec-3.0/pkgs/netapps/netferret/obj/amd64-linux.gcc/server/parsec/obj/cass_add_table.o' ==> '/memex/ybao/ready_for_backup/parsec-3.0-working-dir/parsec-3.0-release/parsec-3.0-150205/parsec-3.0/pkgs/netapps/netferret/obj/amd64-linux.gcc/server/parsec/bin/cass_add_table'
   CC '/memex/ybao/ready_for_backup/parsec-3.0-working-dir/parsec-3.0-release/parsec-3.0-150205/parsec-3.0/pkgs/netapps/netferret/obj/amd64-linux.gcc/server/tools/cass_add_vec_dist.c' ==> '/memex/ybao/ready_for_backup/parsec-3.0-working-dir/parsec-3.0-release/parsec-3.0-150205/parsec-3.0/pkgs/netapps/netferret/obj/amd64-linux.gcc/server/parsec/obj/cass_add_vec_dist.o'
   CXX '/memex/ybao/ready_for_backup/parsec-3.0-working-dir/parsec-3.0-release/parsec-3.0-150205/parsec-3.0/pkgs/netapps/netferret/obj/amd64-linux.gcc/server/parsec/obj/cass_add_vec_dist.o' ==> '/memex/ybao/ready_for_backup/parsec-3.0-working-dir/parsec-3.0-release/parsec-3.0-150205/parsec-3.0/pkgs/netapps/netferret/obj/amd64-linux.gcc/server/parsec/bin/cass_add_vec_dist'
   CC '/memex/ybao/ready_for_backup/parsec-3.0-working-dir/parsec-3.0-release/parsec-3.0-150205/parsec-3.0/pkgs/netapps/netferret/obj/amd64-linux.gcc/server/tools/cass_add_vecset_dist.c' ==> '/memex/ybao/ready_for_backup/parsec-3.0-working-dir/parsec-3.0-release/parsec-3.0-150205/parsec-3.0/pkgs/netapps/netferret/obj/amd64-linux.gcc/server/parsec/obj/cass_add_vecset_dist.o'
   CXX '/memex/ybao/ready_for_backup/parsec-3.0-working-dir/parsec-3.0-release/parsec-3.0-150205/parsec-3.0/pkgs/netapps/netferret/obj/amd64-linux.gcc/server/parsec/obj/cass_add_vecset_dist.o' ==> '/memex/ybao/ready_for_backup/parsec-3.0-working-dir/parsec-3.0-release/parsec-3.0-150205/parsec-3.0/pkgs/netapps/netferret/obj/amd64-linux.gcc/server/parsec/bin/cass_add_vecset_dist'
   CC '/memex/ybao/ready_for_backup/parsec-3.0-working-dir/parsec-3.0-release/parsec-3.0-150205/parsec-3.0/pkgs/netapps/netferret/obj/amd64-linux.gcc/server/tools/cass_describe.c' ==> '/memex/ybao/ready_for_backup/parsec-3.0-working-dir/parsec-3.0-release/parsec-3.0-150205/parsec-3.0/pkgs/netapps/netferret/obj/amd64-linux.gcc/server/parsec/obj/cass_describe.o'
   CXX '/memex/ybao/ready_for_backup/parsec-3.0-working-dir/parsec-3.0-release/parsec-3.0-150205/parsec-3.0/pkgs/netapps/netferret/obj/amd64-linux.gcc/server/parsec/obj/cass_describe.o' ==> '/memex/ybao/ready_for_backup/parsec-3.0-working-dir/parsec-3.0-release/parsec-3.0-150205/parsec-3.0/pkgs/netapps/netferret/obj/amd64-linux.gcc/server/parsec/bin/cass_describe'
   CC '/memex/ybao/ready_for_backup/parsec-3.0-working-dir/parsec-3.0-release/parsec-3.0-150205/parsec-3.0/pkgs/netapps/netferret/obj/amd64-linux.gcc/server/tools/cass_export.c' ==> '/memex/ybao/ready_for_backup/parsec-3.0-working-dir/parsec-3.0-release/parsec-3.0-150205/parsec-3.0/pkgs/netapps/netferret/obj/amd64-linux.gcc/server/parsec/obj/cass_export.o'
   CXX '/memex/ybao/ready_for_backup/parsec-3.0-working-dir/parsec-3.0-release/parsec-3.0-150205/parsec-3.0/pkgs/netapps/netferret/obj/amd64-linux.gcc/server/parsec/obj/cass_export.o' ==> '/memex/ybao/ready_for_backup/parsec-3.0-working-dir/parsec-3.0-release/parsec-3.0-150205/parsec-3.0/pkgs/netapps/netferret/obj/amd64-linux.gcc/server/parsec/bin/cass_export'
   CC '/memex/ybao/ready_for_backup/parsec-3.0-working-dir/parsec-3.0-release/parsec-3.0-150205/parsec-3.0/pkgs/netapps/netferret/obj/amd64-linux.gcc/server/tools/cass_import.c' ==> '/memex/ybao/ready_for_backup/parsec-3.0-working-dir/parsec-3.0-release/parsec-3.0-150205/parsec-3.0/pkgs/netapps/netferret/obj/amd64-linux.gcc/server/parsec/obj/cass_import.o'
   CXX '/memex/ybao/ready_for_backup/parsec-3.0-working-dir/parsec-3.0-release/parsec-3.0-150205/parsec-3.0/pkgs/netapps/netferret/obj/amd64-linux.gcc/server/parsec/obj/cass_import.o' ==> '/memex/ybao/ready_for_backup/parsec-3.0-working-dir/parsec-3.0-release/parsec-3.0-150205/parsec-3.0/pkgs/netapps/netferret/obj/amd64-linux.gcc/server/parsec/bin/cass_import'
   CC '/memex/ybao/ready_for_backup/parsec-3.0-working-dir/parsec-3.0-release/parsec-3.0-150205/parsec-3.0/pkgs/netapps/netferret/obj/amd64-linux.gcc/server/tools/cass_init.c' ==> '/memex/ybao/ready_for_backup/parsec-3.0-working-dir/parsec-3.0-release/parsec-3.0-150205/parsec-3.0/pkgs/netapps/netferret/obj/amd64-linux.gcc/server/parsec/obj/cass_init.o'
   CXX '/memex/ybao/ready_for_backup/parsec-3.0-working-dir/parsec-3.0-release/parsec-3.0-150205/parsec-3.0/pkgs/netapps/netferret/obj/amd64-linux.gcc/server/parsec/obj/cass_init.o' ==> '/memex/ybao/ready_for_backup/parsec-3.0-working-dir/parsec-3.0-release/parsec-3.0-150205/parsec-3.0/pkgs/netapps/netferret/obj/amd64-linux.gcc/server/parsec/bin/cass_init'
   CC '/memex/ybao/ready_for_backup/parsec-3.0-working-dir/parsec-3.0-release/parsec-3.0-150205/parsec-3.0/pkgs/netapps/netferret/obj/amd64-linux.gcc/server/benchmark/ferret-pthreads.c' ==> '/memex/ybao/ready_for_backup/parsec-3.0-working-dir/parsec-3.0-release/parsec-3.0-150205/parsec-3.0/pkgs/netapps/netferret/obj/amd64-linux.gcc/server/parsec/obj/ferret-pthreads.o'
   CC '/memex/ybao/ready_for_backup/parsec-3.0-working-dir/parsec-3.0-release/parsec-3.0-150205/parsec-3.0/pkgs/netapps/netferret/obj/amd64-linux.gcc/server/image/image.c' ==> '/memex/ybao/ready_for_backup/parsec-3.0-working-dir/parsec-3.0-release/parsec-3.0-150205/parsec-3.0/pkgs/netapps/netferret/obj/amd64-linux.gcc/server/parsec/obj/image.o'
   CC '/memex/ybao/ready_for_backup/parsec-3.0-working-dir/parsec-3.0-release/parsec-3.0-150205/parsec-3.0/pkgs/netapps/netferret/obj/amd64-linux.gcc/server/image/extract.c' ==> '/memex/ybao/ready_for_backup/parsec-3.0-working-dir/parsec-3.0-release/parsec-3.0-150205/parsec-3.0/pkgs/netapps/netferret/obj/amd64-linux.gcc/server/parsec/obj/extract.o'
   CC '/memex/ybao/ready_for_backup/parsec-3.0-working-dir/parsec-3.0-release/parsec-3.0-150205/parsec-3.0/pkgs/netapps/netferret/obj/amd64-linux.gcc/server/image/edge.c' ==> '/memex/ybao/ready_for_backup/parsec-3.0-working-dir/parsec-3.0-release/parsec-3.0-150205/parsec-3.0/pkgs/netapps/netferret/obj/amd64-linux.gcc/server/parsec/obj/edge.o'
   CC '/memex/ybao/ready_for_backup/parsec-3.0-working-dir/parsec-3.0-release/parsec-3.0-150205/parsec-3.0/pkgs/netapps/netferret/obj/amd64-linux.gcc/server/image/srm.c' ==> '/memex/ybao/ready_for_backup/parsec-3.0-working-dir/parsec-3.0-release/parsec-3.0-150205/parsec-3.0/pkgs/netapps/netferret/obj/amd64-linux.gcc/server/parsec/obj/srm.o'
   A  '/memex/ybao/ready_for_backup/parsec-3.0-working-dir/parsec-3.0-release/parsec-3.0-150205/parsec-3.0/pkgs/netapps/netferret/obj/amd64-linux.gcc/server/parsec/lib/libcassimage.a'
   CXX '/memex/ybao/ready_for_backup/parsec-3.0-working-dir/parsec-3.0-release/parsec-3.0-150205/parsec-3.0/pkgs/netapps/netferret/obj/amd64-linux.gcc/server/parsec/obj/ferret-pthreads.o' ==> '/memex/ybao/ready_for_backup/parsec-3.0-working-dir/parsec-3.0-release/parsec-3.0-150205/parsec-3.0/pkgs/netapps/netferret/obj/amd64-linux.gcc/server/parsec/bin/ferret-pthreads'
   CXX '/memex/ybao/ready_for_backup/parsec-3.0-working-dir/parsec-3.0-release/parsec-3.0-150205/parsec-3.0/pkgs/netapps/netferret/obj/amd64-linux.gcc/server/parsec/obj/ferret-pthreads.o' ==> '/memex/ybao/ready_for_backup/parsec-3.0-working-dir/parsec-3.0-release/parsec-3.0-150205/parsec-3.0/pkgs/netapps/netferret/obj/amd64-linux.gcc/server/parsec/bin/ferret-pthreads_sim'
make[1]: Leaving directory `/memex/ybao/ready_for_backup/parsec-3.0-working-dir/parsec-3.0-release/parsec-3.0-150205/parsec-3.0/pkgs/netapps/netferret/obj/amd64-linux.gcc/server'
/usr/bin/make -C client
make[1]: Entering directory `/memex/ybao/ready_for_backup/parsec-3.0-working-dir/parsec-3.0-release/parsec-3.0-150205/parsec-3.0/pkgs/netapps/netferret/obj/amd64-linux.gcc/client'
/usr/bin/gcc -c -I/memex/ybao/ready_for_backup/parsec-3.0-working-dir/parsec-3.0-release/parsec-3.0-150205/parsec-3.0/pkgs/libs/uptcpip/inst/amd64-linux.gcc/include -I/memex/ybao/ready_for_backup/parsec-3.0-working-dir/parsec-3.0-release/parsec-3.0-150205/parsec-3.0/pkgs/libs/gsl/inst/amd64-linux.gcc/include -I/memex/ybao/ready_for_backup/parsec-3.0-working-dir/parsec-3.0-release/parsec-3.0-150205/parsec-3.0/pkgs/libs/libjpeg/inst/amd64-linux.gcc/include -O3 -g -funroll-loops -fprefetch-loop-arrays -static-libgcc -Wl,--hash-style=both,--as-needed -DPARSEC_VERSION=3.0-beta-20130728 -I../server/include -DENABLE_PARSEC_UPTCPIP client.c -o client.o 
/usr/bin/gcc -c -I/memex/ybao/ready_for_backup/parsec-3.0-working-dir/parsec-3.0-release/parsec-3.0-150205/parsec-3.0/pkgs/libs/uptcpip/inst/amd64-linux.gcc/include -I/memex/ybao/ready_for_backup/parsec-3.0-working-dir/parsec-3.0-release/parsec-3.0-150205/parsec-3.0/pkgs/libs/gsl/inst/amd64-linux.gcc/include -I/memex/ybao/ready_for_backup/parsec-3.0-working-dir/parsec-3.0-release/parsec-3.0-150205/parsec-3.0/pkgs/libs/libjpeg/inst/amd64-linux.gcc/include -O3 -g -funroll-loops -fprefetch-loop-arrays -static-libgcc -Wl,--hash-style=both,--as-needed -DPARSEC_VERSION=3.0-beta-20130728 -I../server/include -DENABLE_PARSEC_UPTCPIP tpool.c -o tpool.o 
/usr/bin/gcc -I/memex/ybao/ready_for_backup/parsec-3.0-working-dir/parsec-3.0-release/parsec-3.0-150205/parsec-3.0/pkgs/libs/uptcpip/inst/amd64-linux.gcc/include -I/memex/ybao/ready_for_backup/parsec-3.0-working-dir/parsec-3.0-release/parsec-3.0-150205/parsec-3.0/pkgs/libs/gsl/inst/amd64-linux.gcc/include -I/memex/ybao/ready_for_backup/parsec-3.0-working-dir/parsec-3.0-release/parsec-3.0-150205/parsec-3.0/pkgs/libs/libjpeg/inst/amd64-linux.gcc/include -O3 -g -funroll-loops -fprefetch-loop-arrays -static-libgcc -Wl,--hash-style=both,--as-needed -DPARSEC_VERSION=3.0-beta-20130728 -I../server/include -DENABLE_PARSEC_UPTCPIP -L/memex/ybao/ready_for_backup/parsec-3.0-working-dir/parsec-3.0-release/parsec-3.0-150205/parsec-3.0/pkgs/libs/uptcpip/inst/amd64-linux.gcc/lib -L/memex/ybao/ready_for_backup/parsec-3.0-working-dir/parsec-3.0-release/parsec-3.0-150205/parsec-3.0/pkgs/libs/gsl/inst/amd64-linux.gcc/lib -L/memex/ybao/ready_for_backup/parsec-3.0-working-dir/parsec-3.0-release/parsec-3.0-150205/parsec-3.0/pkgs/libs/libjpeg/inst/amd64-linux.gcc/lib -L/usr/lib64 -L/usr/lib client.o tpool.o ../server/parsec/obj/queue.o   -luptcp.client -lpthread -o client
/usr/bin/gcc -I/memex/ybao/ready_for_backup/parsec-3.0-working-dir/parsec-3.0-release/parsec-3.0-150205/parsec-3.0/pkgs/libs/uptcpip/inst/amd64-linux.gcc/include -I/memex/ybao/ready_for_backup/parsec-3.0-working-dir/parsec-3.0-release/parsec-3.0-150205/parsec-3.0/pkgs/libs/gsl/inst/amd64-linux.gcc/include -I/memex/ybao/ready_for_backup/parsec-3.0-working-dir/parsec-3.0-release/parsec-3.0-150205/parsec-3.0/pkgs/libs/libjpeg/inst/amd64-linux.gcc/include -O3 -g -funroll-loops -fprefetch-loop-arrays -static-libgcc -Wl,--hash-style=both,--as-needed -DPARSEC_VERSION=3.0-beta-20130728 -I../server/include -DENABLE_PARSEC_UPTCPIP -L/memex/ybao/ready_for_backup/parsec-3.0-working-dir/parsec-3.0-release/parsec-3.0-150205/parsec-3.0/pkgs/libs/uptcpip/inst/amd64-linux.gcc/lib -L/memex/ybao/ready_for_backup/parsec-3.0-working-dir/parsec-3.0-release/parsec-3.0-150205/parsec-3.0/pkgs/libs/gsl/inst/amd64-linux.gcc/lib -L/memex/ybao/ready_for_backup/parsec-3.0-working-dir/parsec-3.0-release/parsec-3.0-150205/parsec-3.0/pkgs/libs/libjpeg/inst/amd64-linux.gcc/lib -L/usr/lib64 -L/usr/lib client.o tpool.o ../server/parsec/obj/queue.o   -luptcp.client.sim -lpthread -o client_sim
make[1]: Leaving directory `/memex/ybao/ready_for_backup/parsec-3.0-working-dir/parsec-3.0-release/parsec-3.0-150205/parsec-3.0/pkgs/netapps/netferret/obj/amd64-linux.gcc/client'
[PARSEC] Running 'env version=pthreads CFLAGS=-I/memex/ybao/ready_for_backup/parsec-3.0-working-dir/parsec-3.0-release/parsec-3.0-150205/parsec-3.0/pkgs/libs/uptcpip/inst/amd64-linux.gcc/include -I/memex/ybao/ready_for_backup/parsec-3.0-working-dir/parsec-3.0-release/parsec-3.0-150205/parsec-3.0/pkgs/libs/gsl/inst/amd64-linux.gcc/include -I/memex/ybao/ready_for_backup/parsec-3.0-working-dir/parsec-3.0-release/parsec-3.0-150205/parsec-3.0/pkgs/libs/libjpeg/inst/amd64-linux.gcc/include  -O3 -g -funroll-loops -fprefetch-loop-arrays -static-libgcc -Wl,--hash-style=both,--as-needed -DPARSEC_VERSION=3.0-beta-20130728 LDFLAGS=-L/memex/ybao/ready_for_backup/parsec-3.0-working-dir/parsec-3.0-release/parsec-3.0-150205/parsec-3.0/pkgs/libs/uptcpip/inst/amd64-linux.gcc/lib -L/memex/ybao/ready_for_backup/parsec-3.0-working-dir/parsec-3.0-release/parsec-3.0-150205/parsec-3.0/pkgs/libs/gsl/inst/amd64-linux.gcc/lib -L/memex/ybao/ready_for_backup/parsec-3.0-working-dir/parsec-3.0-release/parsec-3.0-150205/parsec-3.0/pkgs/libs/libjpeg/inst/amd64-linux.gcc/lib -L/usr/lib64 -L/usr/lib /usr/bin/make install':
mkdir -p /memex/ybao/ready_for_backup/parsec-3.0-working-dir/parsec-3.0-release/parsec-3.0-150205/parsec-3.0/pkgs/netapps/netferret/inst/amd64-linux.gcc
cp -r ./server/parsec/bin /memex/ybao/ready_for_backup/parsec-3.0-working-dir/parsec-3.0-release/parsec-3.0-150205/parsec-3.0/pkgs/netapps/netferret/inst/amd64-linux.gcc
cp -r ./server/parsec/lib /memex/ybao/ready_for_backup/parsec-3.0-working-dir/parsec-3.0-release/parsec-3.0-150205/parsec-3.0/pkgs/netapps/netferret/inst/amd64-linux.gcc
mv /memex/ybao/ready_for_backup/parsec-3.0-working-dir/parsec-3.0-release/parsec-3.0-150205/parsec-3.0/pkgs/netapps/netferret/inst/amd64-linux.gcc/bin/ferret-pthreads /memex/ybao/ready_for_backup/parsec-3.0-working-dir/parsec-3.0-release/parsec-3.0-150205/parsec-3.0/pkgs/netapps/netferret/inst/amd64-linux.gcc/bin/server 
mv /memex/ybao/ready_for_backup/parsec-3.0-working-dir/parsec-3.0-release/parsec-3.0-150205/parsec-3.0/pkgs/netapps/netferret/inst/amd64-linux.gcc/bin/ferret-pthreads_sim /memex/ybao/ready_for_backup/parsec-3.0-working-dir/parsec-3.0-release/parsec-3.0-150205/parsec-3.0/pkgs/netapps/netferret/inst/amd64-linux.gcc/bin/server_sim 
cp ./client/client /memex/ybao/ready_for_backup/parsec-3.0-working-dir/parsec-3.0-release/parsec-3.0-150205/parsec-3.0/pkgs/netapps/netferret/inst/amd64-linux.gcc/bin 
cp ./client/client_sim /memex/ybao/ready_for_backup/parsec-3.0-working-dir/parsec-3.0-release/parsec-3.0-150205/parsec-3.0/pkgs/netapps/netferret/inst/amd64-linux.gcc/bin 
cp ./run.sh /memex/ybao/ready_for_backup/parsec-3.0-working-dir/parsec-3.0-release/parsec-3.0-150205/parsec-3.0/pkgs/netapps/netferret/inst/amd64-linux.gcc/bin

[PARSEC] [========== Building package parsec.netstreamcluster [1] ==========]
[PARSEC] [---------- Analyzing package parsec.netstreamcluster ----------]
[PARSEC] parsec.netstreamcluster depends on: uptcpip
[PARSEC] [---------- Analyzing package parsec.uptcpip ----------]
[PARSEC] Package parsec.uptcpip already exists, proceeding.
[PARSEC] [---------- Building package parsec.netstreamcluster ----------]
[PARSEC] Removing old build directory.
[PARSEC] Copying source code of package parsec.netstreamcluster.
[PARSEC] Running 'env version=pthreads CXXFLAGS=-I/memex/ybao/ready_for_backup/parsec-3.0-working-dir/parsec-3.0-release/parsec-3.0-150205/parsec-3.0/pkgs/libs/uptcpip/inst/amd64-linux.gcc/include -O3 -g -funroll-loops -fprefetch-loop-arrays -fpermissive -fno-exceptions -static-libgcc -Wl,--hash-style=both,--as-needed -DPARSEC_VERSION=3.0-beta-20130728 LDFLAGS=-L/memex/ybao/ready_for_backup/parsec-3.0-working-dir/parsec-3.0-release/parsec-3.0-150205/parsec-3.0/pkgs/libs/uptcpip/inst/amd64-linux.gcc/lib -L/usr/lib64 -L/usr/lib /usr/bin/make':
/usr/bin/make -C server
make[1]: Entering directory `/memex/ybao/ready_for_backup/parsec-3.0-working-dir/parsec-3.0-release/parsec-3.0-150205/parsec-3.0/pkgs/netapps/netstreamcluster/obj/amd64-linux.gcc/server'
/usr/bin/g++ -I/memex/ybao/ready_for_backup/parsec-3.0-working-dir/parsec-3.0-release/parsec-3.0-150205/parsec-3.0/pkgs/libs/uptcpip/inst/amd64-linux.gcc/include -O3 -g -funroll-loops -fprefetch-loop-arrays -fpermissive -fno-exceptions -static-libgcc -Wl,--hash-style=both,--as-needed -DPARSEC_VERSION=3.0-beta-20130728 -DENABLE_THREADS -lpthread -DENABLE_PARSEC_UPTCPIP -c streamcluster.cpp
/usr/bin/g++ -I/memex/ybao/ready_for_backup/parsec-3.0-working-dir/parsec-3.0-release/parsec-3.0-150205/parsec-3.0/pkgs/libs/uptcpip/inst/amd64-linux.gcc/include -O3 -g -funroll-loops -fprefetch-loop-arrays -fpermissive -fno-exceptions -static-libgcc -Wl,--hash-style=both,--as-needed -DPARSEC_VERSION=3.0-beta-20130728 -DENABLE_THREADS -lpthread -DENABLE_PARSEC_UPTCPIP -c parsec_barrier.cpp
/usr/bin/g++ -I/memex/ybao/ready_for_backup/parsec-3.0-working-dir/parsec-3.0-release/parsec-3.0-150205/parsec-3.0/pkgs/libs/uptcpip/inst/amd64-linux.gcc/include -O3 -g -funroll-loops -fprefetch-loop-arrays -fpermissive -fno-exceptions -static-libgcc -Wl,--hash-style=both,--as-needed -DPARSEC_VERSION=3.0-beta-20130728 -DENABLE_THREADS -lpthread -DENABLE_PARSEC_UPTCPIP -L/memex/ybao/ready_for_backup/parsec-3.0-working-dir/parsec-3.0-release/parsec-3.0-150205/parsec-3.0/pkgs/libs/uptcpip/inst/amd64-linux.gcc/lib -L/usr/lib64 -L/usr/lib streamcluster.o parsec_barrier.o  -luptcp -lpthread -o server
/usr/bin/g++ -I/memex/ybao/ready_for_backup/parsec-3.0-working-dir/parsec-3.0-release/parsec-3.0-150205/parsec-3.0/pkgs/libs/uptcpip/inst/amd64-linux.gcc/include -O3 -g -funroll-loops -fprefetch-loop-arrays -fpermissive -fno-exceptions -static-libgcc -Wl,--hash-style=both,--as-needed -DPARSEC_VERSION=3.0-beta-20130728 -DENABLE_THREADS -lpthread -DENABLE_PARSEC_UPTCPIP -L/memex/ybao/ready_for_backup/parsec-3.0-working-dir/parsec-3.0-release/parsec-3.0-150205/parsec-3.0/pkgs/libs/uptcpip/inst/amd64-linux.gcc/lib -L/usr/lib64 -L/usr/lib streamcluster.o parsec_barrier.o  -luptcp.sim -lpthread -o server_sim
make[1]: Leaving directory `/memex/ybao/ready_for_backup/parsec-3.0-working-dir/parsec-3.0-release/parsec-3.0-150205/parsec-3.0/pkgs/netapps/netstreamcluster/obj/amd64-linux.gcc/server'
/usr/bin/make -C client
make[1]: Entering directory `/memex/ybao/ready_for_backup/parsec-3.0-working-dir/parsec-3.0-release/parsec-3.0-150205/parsec-3.0/pkgs/netapps/netstreamcluster/obj/amd64-linux.gcc/client'
/usr/bin/g++ -I/memex/ybao/ready_for_backup/parsec-3.0-working-dir/parsec-3.0-release/parsec-3.0-150205/parsec-3.0/pkgs/libs/uptcpip/inst/amd64-linux.gcc/include -O3 -g -funroll-loops -fprefetch-loop-arrays -fpermissive -fno-exceptions -static-libgcc -Wl,--hash-style=both,--as-needed -DPARSEC_VERSION=3.0-beta-20130728 -DENABLE_PARSEC_UPTCPIP -c client.cpp
/usr/bin/g++ -I/memex/ybao/ready_for_backup/parsec-3.0-working-dir/parsec-3.0-release/parsec-3.0-150205/parsec-3.0/pkgs/libs/uptcpip/inst/amd64-linux.gcc/include -O3 -g -funroll-loops -fprefetch-loop-arrays -fpermissive -fno-exceptions -static-libgcc -Wl,--hash-style=both,--as-needed -DPARSEC_VERSION=3.0-beta-20130728 -DENABLE_PARSEC_UPTCPIP -L/memex/ybao/ready_for_backup/parsec-3.0-working-dir/parsec-3.0-release/parsec-3.0-150205/parsec-3.0/pkgs/libs/uptcpip/inst/amd64-linux.gcc/lib -L/usr/lib64 -L/usr/lib client.o  -luptcp.client -lpthread -o client
/usr/bin/g++ -I/memex/ybao/ready_for_backup/parsec-3.0-working-dir/parsec-3.0-release/parsec-3.0-150205/parsec-3.0/pkgs/libs/uptcpip/inst/amd64-linux.gcc/include -O3 -g -funroll-loops -fprefetch-loop-arrays -fpermissive -fno-exceptions -static-libgcc -Wl,--hash-style=both,--as-needed -DPARSEC_VERSION=3.0-beta-20130728 -DENABLE_PARSEC_UPTCPIP -L/memex/ybao/ready_for_backup/parsec-3.0-working-dir/parsec-3.0-release/parsec-3.0-150205/parsec-3.0/pkgs/libs/uptcpip/inst/amd64-linux.gcc/lib -L/usr/lib64 -L/usr/lib client.o  -luptcp.client.sim -lpthread -o client_sim
make[1]: Leaving directory `/memex/ybao/ready_for_backup/parsec-3.0-working-dir/parsec-3.0-release/parsec-3.0-150205/parsec-3.0/pkgs/netapps/netstreamcluster/obj/amd64-linux.gcc/client'
[PARSEC] Running 'env version=pthreads CXXFLAGS=-I/memex/ybao/ready_for_backup/parsec-3.0-working-dir/parsec-3.0-release/parsec-3.0-150205/parsec-3.0/pkgs/libs/uptcpip/inst/amd64-linux.gcc/include -O3 -g -funroll-loops -fprefetch-loop-arrays -fpermissive -fno-exceptions -static-libgcc -Wl,--hash-style=both,--as-needed -DPARSEC_VERSION=3.0-beta-20130728 LDFLAGS=-L/memex/ybao/ready_for_backup/parsec-3.0-working-dir/parsec-3.0-release/parsec-3.0-150205/parsec-3.0/pkgs/libs/uptcpip/inst/amd64-linux.gcc/lib -L/usr/lib64 -L/usr/lib /usr/bin/make install':
mkdir -p /memex/ybao/ready_for_backup/parsec-3.0-working-dir/parsec-3.0-release/parsec-3.0-150205/parsec-3.0/pkgs/netapps/netstreamcluster/inst/amd64-linux.gcc/bin
cp ./server/server /memex/ybao/ready_for_backup/parsec-3.0-working-dir/parsec-3.0-release/parsec-3.0-150205/parsec-3.0/pkgs/netapps/netstreamcluster/inst/amd64-linux.gcc/bin 
cp ./server/server_sim /memex/ybao/ready_for_backup/parsec-3.0-working-dir/parsec-3.0-release/parsec-3.0-150205/parsec-3.0/pkgs/netapps/netstreamcluster/inst/amd64-linux.gcc/bin 
cp ./client/client /memex/ybao/ready_for_backup/parsec-3.0-working-dir/parsec-3.0-release/parsec-3.0-150205/parsec-3.0/pkgs/netapps/netstreamcluster/inst/amd64-linux.gcc/bin 
cp ./client/client_sim /memex/ybao/ready_for_backup/parsec-3.0-working-dir/parsec-3.0-release/parsec-3.0-150205/parsec-3.0/pkgs/netapps/netstreamcluster/inst/amd64-linux.gcc/bin 
cp ./run.sh /memex/ybao/ready_for_backup/parsec-3.0-working-dir/parsec-3.0-release/parsec-3.0-150205/parsec-3.0/pkgs/netapps/netstreamcluster/inst/amd64-linux.gcc/bin 

[PARSEC] [========== Building package parsec.uptcpip [] ==========]
[PARSEC] [---------- Analyzing package parsec.uptcpip ----------]
[PARSEC] Package parsec.uptcpip already exists, proceeding.
[PARSEC] Done.
